TN:
SF:src/App.test.tsx
FN:5,(anonymous_1)
FNF:1
FNH:0
FNDA:0,(anonymous_1)
DA:1,0
DA:2,0
DA:3,0
DA:5,0
DA:6,0
DA:7,0
DA:8,0
LF:7
LH:0
BRF:0
BRH:0
end_of_record
TN:
SF:src/App.tsx
FN:61,(anonymous_3)
FN:73,(anonymous_4)
FNF:2
FNH:0
FNDA:0,(anonymous_3)
FNDA:0,(anonymous_4)
DA:1,0
DA:2,0
DA:8,0
DA:9,0
DA:10,0
DA:11,0
DA:12,0
DA:13,0
DA:14,0
DA:15,0
DA:16,0
DA:17,0
DA:18,0
DA:19,0
DA:20,0
DA:21,0
DA:22,0
DA:23,0
DA:24,0
DA:25,0
DA:26,0
DA:27,0
DA:28,0
DA:31,0
DA:61,0
DA:62,0
DA:64,0
DA:66,0
DA:67,0
DA:70,0
DA:73,0
DA:74,0
DA:107,0
LF:33
LH:0
BRDA:66,0,0,0
BRDA:70,1,0,0
BRDA:70,1,1,0
BRF:3
BRH:0
end_of_record
TN:
SF:src/API/axios.ts
FN:21,(anonymous_1)
FN:37,(anonymous_2)
FN:44,(anonymous_3)
FN:48,(anonymous_4)
FN:60,(anonymous_5)
FN:72,(anonymous_6)
FN:79,(anonymous_7)
FN:89,(anonymous_8)
FN:98,(anonymous_9)
FN:110,(anonymous_10)
FN:118,(anonymous_11)
FN:126,(anonymous_12)
FN:135,(anonymous_13)
FN:143,(anonymous_14)
FN:150,(anonymous_15)
FN:157,(anonymous_16)
FN:165,(anonymous_17)
FN:171,(anonymous_18)
FN:179,(anonymous_19)
FN:187,(anonymous_20)
FN:195,(anonymous_21)
FN:204,(anonymous_22)
FN:213,(anonymous_23)
FN:222,(anonymous_24)
FN:233,(anonymous_25)
FN:242,(anonymous_26)
FNF:26
FNH:0
FNDA:0,(anonymous_1)
FNDA:0,(anonymous_2)
FNDA:0,(anonymous_3)
FNDA:0,(anonymous_4)
FNDA:0,(anonymous_5)
FNDA:0,(anonymous_6)
FNDA:0,(anonymous_7)
FNDA:0,(anonymous_8)
FNDA:0,(anonymous_9)
FNDA:0,(anonymous_10)
FNDA:0,(anonymous_11)
FNDA:0,(anonymous_12)
FNDA:0,(anonymous_13)
FNDA:0,(anonymous_14)
FNDA:0,(anonymous_15)
FNDA:0,(anonymous_16)
FNDA:0,(anonymous_17)
FNDA:0,(anonymous_18)
FNDA:0,(anonymous_19)
FNDA:0,(anonymous_20)
FNDA:0,(anonymous_21)
FNDA:0,(anonymous_22)
FNDA:0,(anonymous_23)
FNDA:0,(anonymous_24)
FNDA:0,(anonymous_25)
FNDA:0,(anonymous_26)
DA:1,1
DA:11,1
DA:20,1
DA:22,0
DA:23,0
DA:24,0
DA:25,0
DA:26,0
DA:27,0
DA:28,0
DA:29,0
DA:32,0
DA:35,0
DA:38,0
DA:43,1
DA:45,0
DA:46,0
DA:49,0
DA:50,0
DA:51,0
DA:60,1
DA:61,0
DA:72,1
DA:79,1
DA:80,0
DA:89,1
DA:93,0
DA:98,1
DA:102,0
DA:110,1
DA:118,1
DA:119,0
DA:126,1
DA:127,0
DA:135,1
DA:136,0
DA:143,1
DA:150,1
DA:157,1
DA:158,0
DA:165,1
DA:171,1
DA:172,0
DA:179,1
DA:180,0
DA:187,1
DA:195,1
DA:196,0
DA:204,1
DA:205,0
DA:213,1
DA:214,0
DA:222,1
DA:225,0
DA:233,1
DA:234,0
DA:242,1
DA:243,0
LF:58
LH:26
BRDA:23,0,0,0
BRDA:23,0,1,0
BRDA:25,1,0,0
BRDA:25,1,1,0
BRDA:25,2,0,0
BRDA:25,2,1,0
BRDA:26,3,0,0
BRDA:26,3,1,0
BRDA:27,4,0,0
BRDA:27,4,1,0
BRDA:28,5,0,0
BRDA:49,6,0,0
BRDA:49,6,1,0
BRDA:49,7,0,0
BRDA:49,7,1,0
BRDA:49,8,0,0
BRDA:49,8,1,0
BRDA:49,9,0,0
BRDA:49,9,1,0
BRDA:50,10,0,0
BRDA:50,10,1,0
BRDA:50,11,0,0
BRDA:50,11,1,0
BRF:23
BRH:0
end_of_record
TN:
SF:src/API/business.ts
FN:26,(anonymous_16)
FN:37,(anonymous_17)
FN:43,(anonymous_18)
FN:43,(anonymous_19)
FN:55,(anonymous_21)
FN:55,(anonymous_22)
FN:68,(anonymous_24)
FN:68,(anonymous_25)
FN:80,(anonymous_27)
FN:80,(anonymous_28)
FN:114,(anonymous_30)
FN:114,(anonymous_31)
FN:128,(anonymous_33)
FN:137,(anonymous_34)
FN:147,(anonymous_35)
FN:169,(anonymous_38)
FN:193,(anonymous_41)
FN:193,(anonymous_42)
FN:214,(anonymous_44)
FN:238,(anonymous_47)
FN:238,(anonymous_48)
FN:248,(anonymous_50)
FN:259,(anonymous_51)
FN:259,(anonymous_52)
FN:275,(anonymous_54)
FN:299,(anonymous_57)
FN:299,(anonymous_58)
FNF:27
FNH:0
FNDA:0,(anonymous_16)
FNDA:0,(anonymous_17)
FNDA:0,(anonymous_18)
FNDA:0,(anonymous_19)
FNDA:0,(anonymous_21)
FNDA:0,(anonymous_22)
FNDA:0,(anonymous_24)
FNDA:0,(anonymous_25)
FNDA:0,(anonymous_27)
FNDA:0,(anonymous_28)
FNDA:0,(anonymous_30)
FNDA:0,(anonymous_31)
FNDA:0,(anonymous_33)
FNDA:0,(anonymous_34)
FNDA:0,(anonymous_35)
FNDA:0,(anonymous_38)
FNDA:0,(anonymous_41)
FNDA:0,(anonymous_42)
FNDA:0,(anonymous_44)
FNDA:0,(anonymous_47)
FNDA:0,(anonymous_48)
FNDA:0,(anonymous_50)
FNDA:0,(anonymous_51)
FNDA:0,(anonymous_52)
FNDA:0,(anonymous_54)
FNDA:0,(anonymous_57)
FNDA:0,(anonymous_58)
DA:1,0
DA:14,0
DA:16,0
DA:25,0
DA:27,0
DA:28,0
DA:29,0
DA:30,0
DA:31,0
DA:32,0
DA:35,0
DA:38,0
DA:43,0
DA:45,0
DA:46,0
DA:49,0
DA:50,0
DA:55,0
DA:57,0
DA:58,0
DA:61,0
DA:62,0
DA:63,0
DA:68,0
DA:70,0
DA:71,0
DA:74,0
DA:75,0
DA:80,0
DA:82,0
DA:84,0
DA:85,0
DA:86,0
DA:87,0
DA:88,0
DA:90,0
DA:91,0
DA:94,0
DA:95,0
DA:96,0
DA:97,0
DA:98,0
DA:99,0
DA:101,0
DA:114,0
DA:116,0
DA:118,0
DA:119,0
DA:120,0
DA:122,0
DA:123,0
DA:126,0
DA:127,0
DA:128,0
DA:130,0
DA:137,0
DA:147,0
DA:149,0
DA:157,0
DA:160,0
DA:161,0
DA:169,0
DA:171,0
DA:172,0
DA:175,0
DA:176,0
DA:177,0
DA:178,0
DA:180,0
DA:193,0
DA:195,0
DA:199,0
DA:202,0
DA:203,0
DA:214,0
DA:216,0
DA:217,0
DA:220,0
DA:221,0
DA:222,0
DA:223,0
DA:225,0
DA:238,0
DA:240,0
DA:241,0
DA:244,0
DA:245,0
DA:246,0
DA:248,0
DA:259,0
DA:261,0
DA:262,0
DA:265,0
DA:266,0
DA:275,0
DA:277,0
DA:278,0
DA:281,0
DA:282,0
DA:283,0
DA:284,0
DA:286,0
DA:299,0
DA:301,0
DA:305,0
DA:308,0
DA:309,0
LF:107
LH:0
BRDA:28,0,0,0
BRDA:30,1,0,0
BRDA:30,1,1,0
BRDA:30,2,0,0
BRDA:30,2,1,0
BRDA:31,3,0,0
BRDA:84,4,0,0
BRDA:85,5,0,0
BRDA:86,6,0,0
BRDA:87,7,0,0
BRDA:88,8,0,0
BRDA:96,9,0,0
BRDA:96,9,1,0
BRDA:97,10,0,0
BRDA:97,10,1,0
BRDA:118,11,0,0
BRDA:119,12,0,0
BRDA:120,13,0,0
BRDA:147,14,0,0
BRDA:169,15,0,0
BRDA:169,16,0,0
BRDA:214,17,0,0
BRDA:214,18,0,0
BRDA:275,19,0,0
BRDA:275,20,0,0
BRF:25
BRH:0
end_of_record
TN:
SF:src/API/mockBusinessData.ts
FN:10,(anonymous_0)
FN:36,(anonymous_1)
FN:58,(anonymous_2)
FN:61,(anonymous_3)
FN:91,(anonymous_4)
FN:94,(anonymous_5)
FN:120,(anonymous_6)
FN:123,(anonymous_7)
FN:150,(anonymous_8)
FNF:9
FNH:0
FNDA:0,(anonymous_0)
FNDA:0,(anonymous_1)
FNDA:0,(anonymous_2)
FNDA:0,(anonymous_3)
FNDA:0,(anonymous_4)
FNDA:0,(anonymous_5)
FNDA:0,(anonymous_6)
FNDA:0,(anonymous_7)
FNDA:0,(anonymous_8)
DA:10,0
DA:11,0
DA:12,0
DA:14,0
DA:15,0
DA:16,0
DA:18,0
DA:33,0
DA:36,0
DA:37,0
DA:38,0
DA:40,0
DA:41,0
DA:42,0
DA:44,0
DA:46,0
DA:58,0
DA:61,0
DA:62,0
DA:63,0
DA:64,0
DA:72,0
DA:73,0
DA:74,0
DA:76,0
DA:77,0
DA:79,0
DA:91,0
DA:94,0
DA:95,0
DA:96,0
DA:98,0
DA:99,0
DA:100,0
DA:102,0
DA:103,0
DA:104,0
DA:105,0
DA:106,0
DA:108,0
DA:120,0
DA:123,0
DA:124,0
DA:125,0
DA:133,0
DA:134,0
DA:135,0
DA:137,0
DA:138,0
DA:140,0
DA:150,0
LF:51
LH:0
BRDA:10,0,0,0
BRDA:36,1,0,0
BRDA:61,2,0,0
BRDA:83,3,0,0
BRDA:83,3,1,0
BRDA:86,4,0,0
BRDA:86,4,1,0
BRDA:94,5,0,0
BRDA:123,6,0,0
BRDA:145,7,0,0
BRDA:145,7,1,0
BRF:11
BRH:0
end_of_record
TN:
SF:src/API/mockPromotionsData.ts
FN:3,(anonymous_0)
FN:141,(anonymous_1)
FN:144,(anonymous_2)
FN:155,(anonymous_3)
FN:172,(anonymous_4)
FNF:5
FNH:0
FNDA:0,(anonymous_0)
FNDA:0,(anonymous_1)
FNDA:0,(anonymous_2)
FNDA:0,(anonymous_3)
FNDA:0,(anonymous_4)
DA:3,0
DA:4,0
DA:5,0
DA:6,0
DA:7,0
DA:8,0
DA:9,0
DA:11,0
DA:141,0
DA:144,0
DA:145,0
DA:155,0
DA:156,0
DA:157,0
DA:159,0
DA:160,0
DA:161,0
DA:172,0
LF:18
LH:0
BRDA:164,0,0,0
BRDA:164,0,1,0
BRDA:166,1,0,0
BRDA:166,1,1,0
BRF:4
BRH:0
end_of_record
TN:
SF:src/API/mockReferralData.ts
FN:4,(anonymous_0)
FN:36,(anonymous_1)
FN:39,(anonymous_2)
FN:42,(anonymous_3)
FN:46,(anonymous_4)
FN:47,(anonymous_5)
FN:53,(anonymous_6)
FN:58,(anonymous_7)
FN:71,(anonymous_8)
FN:89,(anonymous_9)
FN:102,(anonymous_10)
FN:133,(anonymous_11)
FN:178,(anonymous_12)
FN:181,(anonymous_13)
FN:203,(anonymous_14)
FNF:15
FNH:0
FNDA:0,(anonymous_0)
FNDA:0,(anonymous_1)
FNDA:0,(anonymous_2)
FNDA:0,(anonymous_3)
FNDA:0,(anonymous_4)
FNDA:0,(anonymous_5)
FNDA:0,(anonymous_6)
FNDA:0,(anonymous_7)
FNDA:0,(anonymous_8)
FNDA:0,(anonymous_9)
FNDA:0,(anonymous_10)
FNDA:0,(anonymous_11)
FNDA:0,(anonymous_12)
FNDA:0,(anonymous_13)
FNDA:0,(anonymous_14)
DA:4,0
DA:5,0
DA:6,0
DA:7,0
DA:8,0
DA:9,0
DA:11,0
DA:12,0
DA:13,0
DA:15,0
DA:16,0
DA:17,0
DA:19,0
DA:36,0
DA:39,0
DA:40,0
DA:42,0
DA:43,0
DA:46,0
DA:47,0
DA:49,0
DA:53,0
DA:58,0
DA:63,0
DA:71,0
DA:72,0
DA:73,0
DA:74,0
DA:83,0
DA:84,0
DA:85,0
DA:88,0
DA:89,0
DA:92,0
DA:102,0
DA:103,0
DA:104,0
DA:105,0
DA:106,0
DA:108,0
DA:119,0
DA:121,0
DA:133,0
DA:136,0
DA:138,0
DA:139,0
DA:142,0
DA:146,0
DA:147,0
DA:148,0
DA:150,0
DA:151,0
DA:152,0
DA:156,0
DA:163,0
DA:178,0
DA:181,0
DA:182,0
DA:184,0
DA:185,0
DA:186,0
DA:187,0
DA:188,0
DA:189,0
DA:191,0
DA:203,0
LF:66
LH:0
BRDA:4,0,0,0
BRDA:17,1,0,0
BRDA:17,1,1,0
BRDA:27,2,0,0
BRDA:27,2,1,0
BRDA:73,3,0,0
BRDA:136,4,0,0
BRDA:152,5,0,0
BRDA:152,5,1,0
BRDA:153,6,0,0
BRDA:153,6,1,0
BRDA:159,7,0,0
BRDA:159,7,1,0
BRDA:171,8,0,0
BRDA:171,8,1,0
BRDA:174,9,0,0
BRDA:174,9,1,0
BRDA:181,10,0,0
BRF:18
BRH:0
end_of_record
TN:
SF:src/API/mockScheduledData.ts
FN:47,(anonymous_0)
FN:56,(anonymous_1)
FN:63,(anonymous_2)
FN:105,(anonymous_3)
FN:108,(anonymous_4)
FNF:5
FNH:0
FNDA:0,(anonymous_0)
FNDA:0,(anonymous_1)
FNDA:0,(anonymous_2)
FNDA:0,(anonymous_3)
FNDA:0,(anonymous_4)
DA:3,0
DA:4,0
DA:6,0
DA:19,0
DA:32,0
DA:37,0
DA:42,0
DA:47,0
DA:48,0
DA:49,0
DA:56,0
DA:57,0
DA:58,0
DA:59,0
DA:60,0
DA:63,0
DA:64,0
DA:66,0
DA:67,0
DA:68,0
DA:69,0
DA:70,0
DA:71,0
DA:72,0
DA:74,0
DA:102,0
DA:105,0
DA:108,0
DA:110,0
LF:29
LH:0
BRDA:76,0,0,0
BRDA:76,0,1,0
BRDA:77,1,0,0
BRDA:77,1,1,0
BRDA:78,2,0,0
BRDA:78,2,1,0
BRDA:88,3,0,0
BRDA:88,3,1,0
BRDA:90,4,0,0
BRDA:90,4,1,0
BRDA:93,5,0,0
BRDA:93,5,1,0
BRDA:96,6,0,0
BRDA:96,6,1,0
BRDA:97,7,0,0
BRDA:97,7,1,0
BRDA:98,8,0,0
BRDA:98,8,1,0
BRDA:99,9,0,0
BRDA:99,9,1,0
BRF:20
BRH:0
end_of_record
TN:
SF:src/API/mockTipsData.ts
FN:4,(anonymous_0)
FN:28,(anonymous_1)
FN:31,(anonymous_2)
FN:32,(anonymous_3)
FN:37,(anonymous_4)
FN:48,(anonymous_5)
FN:60,(anonymous_6)
FN:66,(anonymous_7)
FNF:8
FNH:0
FNDA:0,(anonymous_0)
FNDA:0,(anonymous_1)
FNDA:0,(anonymous_2)
FNDA:0,(anonymous_3)
FNDA:0,(anonymous_4)
FNDA:0,(anonymous_5)
FNDA:0,(anonymous_6)
FNDA:0,(anonymous_7)
DA:4,0
DA:5,0
DA:6,0
DA:7,0
DA:9,0
DA:10,0
DA:11,0
DA:13,0
DA:28,0
DA:31,0
DA:32,0
DA:33,0
DA:36,0
DA:37,0
DA:38,0
DA:39,0
DA:41,0
DA:42,0
DA:43,0
DA:47,0
DA:48,0
DA:49,0
DA:50,0
DA:52,0
DA:53,0
DA:54,0
DA:57,0
DA:60,0
DA:66,0
LF:29
LH:0
BRDA:4,0,0,0
BRDA:38,1,0,0
BRDA:49,2,0,0
BRF:3
BRH:0
end_of_record
TN:
SF:src/API/mockVehicleClassesData.ts
FN:3,(anonymous_0)
FN:38,(anonymous_1)
FNF:2
FNH:0
FNDA:0,(anonymous_0)
FNDA:0,(anonymous_1)
DA:3,0
DA:4,0
DA:38,0
DA:39,0
DA:41,0
LF:5
LH:0
BRF:0
BRH:0
end_of_record
TN:
SF:src/API/promotions.ts
FN:24,(anonymous_14)
FN:34,(anonymous_15)
FN:40,(anonymous_16)
FN:55,(anonymous_19)
FN:55,(anonymous_20)
FN:60,(anonymous_22)
FN:60,(anonymous_23)
FN:65,(anonymous_25)
FN:65,(anonymous_26)
FN:70,(anonymous_28)
FN:70,(anonymous_29)
FN:75,(anonymous_31)
FN:75,(anonymous_32)
FN:80,(anonymous_34)
FN:80,(anonymous_35)
FN:84,(anonymous_37)
FN:89,(anonymous_40)
FN:89,(anonymous_41)
FN:94,(anonymous_43)
FN:107,(anonymous_46)
FN:107,(anonymous_47)
FN:117,(anonymous_49)
FN:117,(anonymous_50)
FN:127,(anonymous_52)
FN:127,(anonymous_53)
FN:138,(anonymous_55)
FN:138,(anonymous_56)
FNF:27
FNH:0
FNDA:0,(anonymous_14)
FNDA:0,(anonymous_15)
FNDA:0,(anonymous_16)
FNDA:0,(anonymous_19)
FNDA:0,(anonymous_20)
FNDA:0,(anonymous_22)
FNDA:0,(anonymous_23)
FNDA:0,(anonymous_25)
FNDA:0,(anonymous_26)
FNDA:0,(anonymous_28)
FNDA:0,(anonymous_29)
FNDA:0,(anonymous_31)
FNDA:0,(anonymous_32)
FNDA:0,(anonymous_34)
FNDA:0,(anonymous_35)
FNDA:0,(anonymous_37)
FNDA:0,(anonymous_40)
FNDA:0,(anonymous_41)
FNDA:0,(anonymous_43)
FNDA:0,(anonymous_46)
FNDA:0,(anonymous_47)
FNDA:0,(anonymous_49)
FNDA:0,(anonymous_50)
FNDA:0,(anonymous_52)
FNDA:0,(anonymous_53)
FNDA:0,(anonymous_55)
FNDA:0,(anonymous_56)
DA:1,0
DA:14,0
DA:23,0
DA:25,0
DA:26,0
DA:27,0
DA:28,0
DA:29,0
DA:32,0
DA:35,0
DA:40,0
DA:41,0
DA:43,0
DA:44,0
DA:45,0
DA:46,0
DA:47,0
DA:48,0
DA:49,0
DA:51,0
DA:52,0
DA:55,0
DA:56,0
DA:57,0
DA:60,0
DA:61,0
DA:62,0
DA:65,0
DA:66,0
DA:67,0
DA:70,0
DA:71,0
DA:72,0
DA:75,0
DA:76,0
DA:77,0
DA:80,0
DA:81,0
DA:84,0
DA:85,0
DA:86,0
DA:89,0
DA:90,0
DA:91,0
DA:94,0
DA:95,0
DA:97,0
DA:98,0
DA:99,0
DA:100,0
DA:102,0
DA:103,0
DA:107,0
DA:108,0
DA:109,0
DA:110,0
DA:111,0
DA:113,0
DA:114,0
DA:117,0
DA:118,0
DA:119,0
DA:120,0
DA:121,0
DA:123,0
DA:124,0
DA:127,0
DA:128,0
DA:129,0
DA:130,0
DA:131,0
DA:133,0
DA:134,0
DA:138,0
DA:139,0
DA:140,0
LF:76
LH:0
BRDA:26,0,0,0
BRDA:28,1,0,0
BRDA:40,2,0,0
BRDA:43,3,0,0
BRDA:44,4,0,0
BRDA:45,5,0,0
BRDA:46,6,0,0
BRDA:47,7,0,0
BRDA:48,8,0,0
BRDA:49,9,0,0
BRDA:56,10,0,0
BRDA:61,11,0,0
BRDA:66,12,0,0
BRDA:71,13,0,0
BRDA:76,14,0,0
BRDA:81,15,0,0
BRDA:84,16,0,0
BRDA:84,17,0,0
BRDA:85,18,0,0
BRDA:90,19,0,0
BRDA:94,20,0,0
BRDA:97,21,0,0
BRDA:98,22,0,0
BRDA:99,23,0,0
BRDA:100,24,0,0
BRDA:109,25,0,0
BRDA:110,26,0,0
BRDA:111,27,0,0
BRDA:119,28,0,0
BRDA:120,29,0,0
BRDA:121,30,0,0
BRDA:129,31,0,0
BRDA:130,32,0,0
BRDA:131,33,0,0
BRDA:139,34,0,0
BRF:35
BRH:0
end_of_record
TN:
SF:src/API/referrals.ts
FN:31,(anonymous_15)
FN:42,(anonymous_16)
FN:48,(anonymous_17)
FN:48,(anonymous_18)
FN:84,(anonymous_20)
FN:84,(anonymous_21)
FN:104,(anonymous_23)
FN:104,(anonymous_24)
FN:118,(anonymous_26)
FN:118,(anonymous_27)
FN:137,(anonymous_29)
FN:137,(anonymous_30)
FN:152,(anonymous_32)
FN:171,(anonymous_33)
FN:171,(anonymous_34)
FN:189,(anonymous_36)
FN:189,(anonymous_37)
FN:204,(anonymous_39)
FN:223,(anonymous_40)
FN:223,(anonymous_41)
FN:241,(anonymous_43)
FN:241,(anonymous_44)
FN:261,(anonymous_46)
FN:273,(anonymous_47)
FN:273,(anonymous_48)
FN:284,(anonymous_50)
FN:284,(anonymous_51)
FN:295,(anonymous_53)
FN:322,(anonymous_56)
FN:349,(anonymous_59)
FN:349,(anonymous_60)
FN:366,(anonymous_62)
FN:366,(anonymous_63)
FNF:33
FNH:0
FNDA:0,(anonymous_15)
FNDA:0,(anonymous_16)
FNDA:0,(anonymous_17)
FNDA:0,(anonymous_18)
FNDA:0,(anonymous_20)
FNDA:0,(anonymous_21)
FNDA:0,(anonymous_23)
FNDA:0,(anonymous_24)
FNDA:0,(anonymous_26)
FNDA:0,(anonymous_27)
FNDA:0,(anonymous_29)
FNDA:0,(anonymous_30)
FNDA:0,(anonymous_32)
FNDA:0,(anonymous_33)
FNDA:0,(anonymous_34)
FNDA:0,(anonymous_36)
FNDA:0,(anonymous_37)
FNDA:0,(anonymous_39)
FNDA:0,(anonymous_40)
FNDA:0,(anonymous_41)
FNDA:0,(anonymous_43)
FNDA:0,(anonymous_44)
FNDA:0,(anonymous_46)
FNDA:0,(anonymous_47)
FNDA:0,(anonymous_48)
FNDA:0,(anonymous_50)
FNDA:0,(anonymous_51)
FNDA:0,(anonymous_53)
FNDA:0,(anonymous_56)
FNDA:0,(anonymous_59)
FNDA:0,(anonymous_60)
FNDA:0,(anonymous_62)
FNDA:0,(anonymous_63)
DA:1,0
DA:13,0
DA:21,0
DA:30,0
DA:32,0
DA:33,0
DA:34,0
DA:35,0
DA:36,0
DA:37,0
DA:40,0
DA:43,0
DA:48,0
DA:50,0
DA:52,0
DA:53,0
DA:54,0
DA:55,0
DA:56,0
DA:57,0
DA:58,0
DA:60,0
DA:61,0
DA:64,0
DA:65,0
DA:66,0
DA:67,0
DA:68,0
DA:69,0
DA:71,0
DA:84,0
DA:86,0
DA:88,0
DA:89,0
DA:90,0
DA:91,0
DA:92,0
DA:94,0
DA:95,0
DA:98,0
DA:99,0
DA:104,0
DA:106,0
DA:109,0
DA:112,0
DA:113,0
DA:118,0
DA:120,0
DA:123,0
DA:126,0
DA:127,0
DA:137,0
DA:139,0
DA:141,0
DA:142,0
DA:143,0
DA:144,0
DA:145,0
DA:147,0
DA:148,0
DA:151,0
DA:152,0
DA:153,0
DA:154,0
DA:155,0
DA:156,0
DA:158,0
DA:171,0
DA:173,0
DA:175,0
DA:176,0
DA:177,0
DA:179,0
DA:180,0
DA:183,0
DA:184,0
DA:189,0
DA:191,0
DA:193,0
DA:194,0
DA:195,0
DA:196,0
DA:197,0
DA:199,0
DA:200,0
DA:203,0
DA:204,0
DA:205,0
DA:206,0
DA:207,0
DA:208,0
DA:210,0
DA:223,0
DA:225,0
DA:227,0
DA:228,0
DA:229,0
DA:231,0
DA:232,0
DA:235,0
DA:236,0
DA:241,0
DA:243,0
DA:245,0
DA:246,0
DA:247,0
DA:248,0
DA:249,0
DA:251,0
DA:254,0
DA:257,0
DA:258,0
DA:259,0
DA:262,0
DA:266,0
DA:273,0
DA:275,0
DA:276,0
DA:278,0
DA:279,0
DA:284,0
DA:286,0
DA:287,0
DA:289,0
DA:290,0
DA:295,0
DA:297,0
DA:298,0
DA:301,0
DA:302,0
DA:304,0
DA:305,0
DA:306,0
DA:307,0
DA:309,0
DA:322,0
DA:324,0
DA:325,0
DA:328,0
DA:329,0
DA:331,0
DA:332,0
DA:333,0
DA:334,0
DA:336,0
DA:349,0
DA:351,0
DA:354,0
DA:356,0
DA:357,0
DA:366,0
DA:368,0
DA:369,0
DA:371,0
DA:372,0
LF:155
LH:0
BRDA:33,0,0,0
BRDA:35,1,0,0
BRDA:35,1,1,0
BRDA:35,2,0,0
BRDA:35,2,1,0
BRDA:36,3,0,0
BRDA:52,4,0,0
BRDA:53,5,0,0
BRDA:54,6,0,0
BRDA:55,7,0,0
BRDA:56,8,0,0
BRDA:57,9,0,0
BRDA:58,10,0,0
BRDA:66,11,0,0
BRDA:66,11,1,0
BRDA:67,12,0,0
BRDA:67,12,1,0
BRDA:88,13,0,0
BRDA:89,14,0,0
BRDA:90,15,0,0
BRDA:91,16,0,0
BRDA:92,17,0,0
BRDA:141,18,0,0
BRDA:142,19,0,0
BRDA:143,20,0,0
BRDA:144,21,0,0
BRDA:145,22,0,0
BRDA:153,23,0,0
BRDA:153,23,1,0
BRDA:154,24,0,0
BRDA:154,24,1,0
BRDA:175,25,0,0
BRDA:176,26,0,0
BRDA:177,27,0,0
BRDA:193,28,0,0
BRDA:194,29,0,0
BRDA:195,30,0,0
BRDA:196,31,0,0
BRDA:197,32,0,0
BRDA:205,33,0,0
BRDA:205,33,1,0
BRDA:206,34,0,0
BRDA:206,34,1,0
BRDA:227,35,0,0
BRDA:228,36,0,0
BRDA:229,37,0,0
BRDA:245,38,0,0
BRDA:246,39,0,0
BRDA:247,40,0,0
BRDA:248,41,0,0
BRDA:249,42,0,0
BRDA:297,43,0,0
BRDA:298,44,0,0
BRDA:324,45,0,0
BRDA:325,46,0,0
BRF:55
BRH:0
end_of_record
TN:
SF:src/API/scheduled.ts
FN:24,(anonymous_14)
FN:34,(anonymous_15)
FN:41,(anonymous_16)
FN:71,(anonymous_19)
FN:91,(anonymous_22)
FN:91,(anonymous_23)
FN:104,(anonymous_25)
FN:104,(anonymous_26)
FN:117,(anonymous_28)
FN:140,(anonymous_31)
FN:140,(anonymous_32)
FN:150,(anonymous_34)
FN:166,(anonymous_37)
FN:177,(anonymous_38)
FN:177,(anonymous_39)
FN:187,(anonymous_41)
FN:187,(anonymous_42)
FN:202,(anonymous_44)
FN:202,(anonymous_45)
FN:212,(anonymous_47)
FN:228,(anonymous_50)
FN:239,(anonymous_51)
FN:239,(anonymous_52)
FN:249,(anonymous_54)
FN:249,(anonymous_55)
FNF:25
FNH:0
FNDA:0,(anonymous_14)
FNDA:0,(anonymous_15)
FNDA:0,(anonymous_16)
FNDA:0,(anonymous_19)
FNDA:0,(anonymous_22)
FNDA:0,(anonymous_23)
FNDA:0,(anonymous_25)
FNDA:0,(anonymous_26)
FNDA:0,(anonymous_28)
FNDA:0,(anonymous_31)
FNDA:0,(anonymous_32)
FNDA:0,(anonymous_34)
FNDA:0,(anonymous_37)
FNDA:0,(anonymous_38)
FNDA:0,(anonymous_39)
FNDA:0,(anonymous_41)
FNDA:0,(anonymous_42)
FNDA:0,(anonymous_44)
FNDA:0,(anonymous_45)
FNDA:0,(anonymous_47)
FNDA:0,(anonymous_50)
FNDA:0,(anonymous_51)
FNDA:0,(anonymous_52)
FNDA:0,(anonymous_54)
FNDA:0,(anonymous_55)
DA:1,0
DA:12,0
DA:14,0
DA:23,0
DA:25,0
DA:26,0
DA:27,0
DA:28,0
DA:29,0
DA:32,0
DA:35,0
DA:41,0
DA:43,0
DA:45,0
DA:46,0
DA:47,0
DA:48,0
DA:49,0
DA:50,0
DA:51,0
DA:52,0
DA:54,0
DA:55,0
DA:57,0
DA:59,0
DA:71,0
DA:73,0
DA:75,0
DA:76,0
DA:77,0
DA:78,0
DA:79,0
DA:80,0
DA:82,0
DA:83,0
DA:85,0
DA:87,0
DA:91,0
DA:93,0
DA:94,0
DA:96,0
DA:97,0
DA:104,0
DA:106,0
DA:107,0
DA:109,0
DA:110,0
DA:117,0
DA:119,0
DA:121,0
DA:122,0
DA:123,0
DA:124,0
DA:125,0
DA:126,0
DA:128,0
DA:131,0
DA:133,0
DA:134,0
DA:140,0
DA:142,0
DA:143,0
DA:145,0
DA:146,0
DA:150,0
DA:152,0
DA:154,0
DA:155,0
DA:156,0
DA:157,0
DA:158,0
DA:160,0
DA:161,0
DA:163,0
DA:165,0
DA:166,0
DA:177,0
DA:179,0
DA:180,0
DA:182,0
DA:183,0
DA:187,0
DA:189,0
DA:190,0
DA:192,0
DA:193,0
DA:202,0
DA:204,0
DA:205,0
DA:207,0
DA:208,0
DA:212,0
DA:214,0
DA:216,0
DA:217,0
DA:218,0
DA:219,0
DA:220,0
DA:222,0
DA:223,0
DA:225,0
DA:227,0
DA:228,0
DA:239,0
DA:241,0
DA:242,0
DA:244,0
DA:245,0
DA:249,0
DA:251,0
DA:252,0
DA:254,0
DA:255,0
LF:113
LH:0
BRDA:26,0,0,0
BRDA:28,1,0,0
BRDA:41,2,0,0
BRDA:45,3,0,0
BRDA:46,4,0,0
BRDA:47,5,0,0
BRDA:48,6,0,0
BRDA:49,7,0,0
BRDA:50,8,0,0
BRDA:51,9,0,0
BRDA:52,10,0,0
BRDA:62,11,0,0
BRDA:62,11,1,0
BRDA:63,12,0,0
BRDA:63,12,1,0
BRDA:71,13,0,0
BRDA:75,14,0,0
BRDA:76,15,0,0
BRDA:77,16,0,0
BRDA:78,17,0,0
BRDA:79,18,0,0
BRDA:80,19,0,0
BRDA:99,20,0,0
BRDA:99,20,1,0
BRDA:99,21,0,0
BRDA:99,21,1,0
BRDA:99,22,0,0
BRDA:99,22,1,0
BRDA:99,23,0,0
BRDA:99,23,1,0
BRDA:99,24,0,0
BRDA:99,24,1,0
BRDA:112,25,0,0
BRDA:112,25,1,0
BRDA:112,26,0,0
BRDA:112,26,1,0
BRDA:112,27,0,0
BRDA:112,27,1,0
BRDA:112,28,0,0
BRDA:112,28,1,0
BRDA:112,29,0,0
BRDA:112,29,1,0
BRDA:117,30,0,0
BRDA:121,31,0,0
BRDA:122,32,0,0
BRDA:123,33,0,0
BRDA:124,34,0,0
BRDA:125,35,0,0
BRDA:126,36,0,0
BRDA:146,37,0,0
BRDA:146,37,1,0
BRDA:146,38,0,0
BRDA:146,38,1,0
BRDA:146,39,0,0
BRDA:146,39,1,0
BRDA:146,40,0,0
BRDA:146,40,1,0
BRDA:146,41,0,0
BRDA:146,41,1,0
BRDA:150,42,0,0
BRDA:154,43,0,0
BRDA:155,44,0,0
BRDA:156,45,0,0
BRDA:157,46,0,0
BRDA:158,47,0,0
BRDA:168,48,0,0
BRDA:168,48,1,0
BRDA:169,49,0,0
BRDA:169,49,1,0
BRDA:183,50,0,0
BRDA:183,50,1,0
BRDA:183,51,0,0
BRDA:183,51,1,0
BRDA:183,52,0,0
BRDA:183,52,1,0
BRDA:183,53,0,0
BRDA:183,53,1,0
BRDA:183,54,0,0
BRDA:183,54,1,0
BRDA:195,55,0,0
BRDA:195,55,1,0
BRDA:195,56,0,0
BRDA:195,56,1,0
BRDA:195,57,0,0
BRDA:195,57,1,0
BRDA:195,58,0,0
BRDA:195,58,1,0
BRDA:195,59,0,0
BRDA:195,59,1,0
BRDA:208,60,0,0
BRDA:208,60,1,0
BRDA:208,61,0,0
BRDA:208,61,1,0
BRDA:208,62,0,0
BRDA:208,62,1,0
BRDA:208,63,0,0
BRDA:208,63,1,0
BRDA:208,64,0,0
BRDA:208,64,1,0
BRDA:212,65,0,0
BRDA:216,66,0,0
BRDA:217,67,0,0
BRDA:218,68,0,0
BRDA:219,69,0,0
BRDA:220,70,0,0
BRDA:230,71,0,0
BRDA:230,71,1,0
BRDA:231,72,0,0
BRDA:231,72,1,0
BRDA:245,73,0,0
BRDA:245,73,1,0
BRDA:245,74,0,0
BRDA:245,74,1,0
BRDA:245,75,0,0
BRDA:245,75,1,0
BRDA:245,76,0,0
BRDA:245,76,1,0
BRDA:245,77,0,0
BRDA:245,77,1,0
BRDA:257,78,0,0
BRDA:257,78,1,0
BRDA:257,79,0,0
BRDA:257,79,1,0
BRDA:257,80,0,0
BRDA:257,80,1,0
BRDA:257,81,0,0
BRDA:257,81,1,0
BRDA:257,82,0,0
BRDA:257,82,1,0
BRF:129
BRH:0
end_of_record
TN:
SF:src/API/tips.ts
FN:15,(anonymous_14)
FN:26,(anonymous_15)
FN:32,(anonymous_16)
FN:32,(anonymous_17)
FN:68,(anonymous_19)
FN:68,(anonymous_20)
FN:89,(anonymous_22)
FN:89,(anonymous_23)
FN:104,(anonymous_25)
FN:123,(anonymous_26)
FN:123,(anonymous_27)
FN:138,(anonymous_29)
FN:157,(anonymous_30)
FN:170,(anonymous_33)
FN:170,(anonymous_34)
FNF:15
FNH:0
FNDA:0,(anonymous_14)
FNDA:0,(anonymous_15)
FNDA:0,(anonymous_16)
FNDA:0,(anonymous_17)
FNDA:0,(anonymous_19)
FNDA:0,(anonymous_20)
FNDA:0,(anonymous_22)
FNDA:0,(anonymous_23)
FNDA:0,(anonymous_25)
FNDA:0,(anonymous_26)
FNDA:0,(anonymous_27)
FNDA:0,(anonymous_29)
FNDA:0,(anonymous_30)
FNDA:0,(anonymous_33)
FNDA:0,(anonymous_34)
DA:1,0
DA:3,0
DA:5,0
DA:14,0
DA:16,0
DA:17,0
DA:18,0
DA:19,0
DA:20,0
DA:21,0
DA:24,0
DA:27,0
DA:32,0
DA:34,0
DA:36,0
DA:37,0
DA:38,0
DA:39,0
DA:40,0
DA:41,0
DA:42,0
DA:44,0
DA:45,0
DA:48,0
DA:49,0
DA:50,0
DA:51,0
DA:52,0
DA:53,0
DA:55,0
DA:68,0
DA:70,0
DA:72,0
DA:73,0
DA:74,0
DA:75,0
DA:76,0
DA:78,0
DA:79,0
DA:82,0
DA:83,0
DA:84,0
DA:89,0
DA:91,0
DA:93,0
DA:94,0
DA:95,0
DA:96,0
DA:97,0
DA:99,0
DA:100,0
DA:103,0
DA:104,0
DA:105,0
DA:106,0
DA:107,0
DA:108,0
DA:110,0
DA:123,0
DA:125,0
DA:127,0
DA:128,0
DA:129,0
DA:130,0
DA:131,0
DA:133,0
DA:134,0
DA:137,0
DA:138,0
DA:139,0
DA:140,0
DA:141,0
DA:142,0
DA:144,0
DA:157,0
DA:158,0
DA:166,0
DA:170,0
DA:171,0
DA:173,0
DA:174,0
DA:175,0
DA:176,0
DA:177,0
DA:179,0
DA:182,0
LF:86
LH:0
BRDA:17,0,0,0
BRDA:19,1,0,0
BRDA:19,1,1,0
BRDA:19,2,0,0
BRDA:19,2,1,0
BRDA:20,3,0,0
BRDA:36,4,0,0
BRDA:37,5,0,0
BRDA:38,6,0,0
BRDA:39,7,0,0
BRDA:40,8,0,0
BRDA:41,9,0,0
BRDA:42,10,0,0
BRDA:50,11,0,0
BRDA:50,11,1,0
BRDA:51,12,0,0
BRDA:51,12,1,0
BRDA:72,13,0,0
BRDA:73,14,0,0
BRDA:74,15,0,0
BRDA:75,16,0,0
BRDA:76,17,0,0
BRDA:93,18,0,0
BRDA:94,19,0,0
BRDA:95,20,0,0
BRDA:96,21,0,0
BRDA:97,22,0,0
BRDA:105,23,0,0
BRDA:105,23,1,0
BRDA:106,24,0,0
BRDA:106,24,1,0
BRDA:127,25,0,0
BRDA:128,26,0,0
BRDA:129,27,0,0
BRDA:130,28,0,0
BRDA:131,29,0,0
BRDA:139,30,0,0
BRDA:139,30,1,0
BRDA:140,31,0,0
BRDA:140,31,1,0
BRDA:157,32,0,0
BRDA:158,33,0,0
BRDA:173,34,0,0
BRDA:174,35,0,0
BRDA:175,36,0,0
BRDA:176,37,0,0
BRDA:177,38,0,0
BRF:47
BRH:0
end_of_record
TN:
SF:src/API/vehicleClasses.ts
FN:18,(anonymous_14)
FN:28,(anonymous_15)
FN:34,(anonymous_16)
FN:34,(anonymous_17)
FN:44,(anonymous_19)
FN:47,(anonymous_20)
FN:58,(anonymous_22)
FN:58,(anonymous_23)
FN:69,(anonymous_25)
FN:78,(anonymous_26)
FNF:10
FNH:0
FNDA:0,(anonymous_14)
FNDA:0,(anonymous_15)
FNDA:0,(anonymous_16)
FNDA:0,(anonymous_17)
FNDA:0,(anonymous_19)
FNDA:0,(anonymous_20)
FNDA:0,(anonymous_22)
FNDA:0,(anonymous_23)
FNDA:0,(anonymous_25)
FNDA:0,(anonymous_26)
DA:1,0
DA:9,0
DA:17,0
DA:19,0
DA:20,0
DA:21,0
DA:22,0
DA:23,0
DA:26,0
DA:29,0
DA:34,0
DA:36,0
DA:37,0
DA:39,0
DA:40,0
DA:44,0
DA:46,0
DA:49,0
DA:50,0
DA:52,0
DA:53,0
DA:58,0
DA:60,0
DA:61,0
DA:63,0
DA:64,0
DA:69,0
DA:74,0
DA:77,0
DA:79,0
DA:83,0
LF:31
LH:0
BRDA:20,0,0,0
BRDA:22,1,0,0
BRF:2
BRH:0
end_of_record
TN:
SF:src/components/Layout.tsx
FN:65,(anonymous_8)
FN:74,(anonymous_9)
FN:78,(anonymous_10)
FN:82,(anonymous_11)
FN:86,(anonymous_12)
FN:92,(anonymous_13)
FN:131,(anonymous_14)
FN:134,(anonymous_15)
FN:257,(anonymous_16)
FNF:9
FNH:0
FNDA:0,(anonymous_8)
FNDA:0,(anonymous_9)
FNDA:0,(anonymous_10)
FNDA:0,(anonymous_11)
FNDA:0,(anonymous_12)
FNDA:0,(anonymous_13)
FNDA:0,(anonymous_14)
FNDA:0,(anonymous_15)
FNDA:0,(anonymous_16)
DA:1,0
DA:2,0
DA:3,0
DA:22,0
DA:39,0
DA:41,0
DA:49,0
DA:65,0
DA:66,0
DA:67,0
DA:68,0
DA:69,0
DA:70,0
DA:72,0
DA:74,0
DA:75,0
DA:78,0
DA:79,0
DA:82,0
DA:83,0
DA:86,0
DA:87,0
DA:88,0
DA:89,0
DA:92,0
DA:93,0
DA:95,0
DA:96,0
DA:97,0
DA:98,0
DA:99,0
DA:100,0
DA:101,0
DA:102,0
DA:104,0
DA:108,0
DA:131,0
DA:134,0
DA:155,0
DA:257,0
DA:267,0
LF:41
LH:0
BRDA:95,0,0,0
BRDA:96,1,0,0
BRDA:97,2,0,0
BRDA:98,3,0,0
BRDA:99,4,0,0
BRDA:100,5,0,0
BRDA:101,6,0,0
BRDA:102,7,0,0
BRDA:140,8,0,0
BRDA:140,8,1,0
BRDA:183,9,0,0
BRDA:183,9,1,0
BRDA:183,10,0,0
BRDA:183,10,1,0
BRDA:183,11,0,0
BRDA:183,11,1,0
BRDA:194,12,0,0
BRDA:194,12,1,0
BRDA:194,13,0,0
BRDA:194,13,1,0
BRDA:194,14,0,0
BRDA:194,14,1,0
BRF:22
BRH:0
end_of_record
TN:
SF:src/components/Documents/DocumentsComponent.tsx
FN:21,(anonymous_3)
FN:40,(anonymous_4)
FN:42,(anonymous_5)
FN:47,(anonymous_6)
FN:74,(anonymous_7)
FN:93,(anonymous_8)
FN:119,(anonymous_9)
FN:120,(anonymous_10)
FNF:8
FNH:0
FNDA:0,(anonymous_3)
FNDA:0,(anonymous_4)
FNDA:0,(anonymous_5)
FNDA:0,(anonymous_6)
FNDA:0,(anonymous_7)
FNDA:0,(anonymous_8)
FNDA:0,(anonymous_9)
FNDA:0,(anonymous_10)
DA:1,0
DA:2,0
DA:12,0
DA:14,0
DA:15,0
DA:16,0
DA:17,0
DA:18,0
DA:19,0
DA:21,0
DA:22,0
DA:23,0
DA:24,0
DA:26,0
DA:27,0
DA:28,0
DA:30,0
DA:32,0
DA:33,0
DA:36,0
DA:37,0
DA:38,0
DA:40,0
DA:42,0
DA:43,0
DA:44,0
DA:47,0
DA:48,0
DA:49,0
DA:52,0
DA:53,0
DA:60,0
DA:61,0
DA:73,0
DA:75,0
DA:80,0
DA:93,0
DA:119,0
DA:121,0
DA:122,0
LF:40
LH:0
BRDA:52,0,0,0
BRDA:60,1,0,0
BRDA:75,2,0,0
BRDA:75,2,1,0
BRDA:75,2,2,0
BRF:5
BRH:0
end_of_record
TN:
SF:src/components/Documents/Components/AddDocumentDialog.tsx
FN:25,(anonymous_16)
FN:39,(anonymous_17)
FN:43,(anonymous_18)
FN:46,(anonymous_19)
FN:47,(anonymous_20)
FN:50,(anonymous_21)
FN:61,(anonymous_22)
FNF:7
FNH:0
FNDA:0,(anonymous_16)
FNDA:0,(anonymous_17)
FNDA:0,(anonymous_18)
FNDA:0,(anonymous_19)
FNDA:0,(anonymous_20)
FNDA:0,(anonymous_21)
FNDA:0,(anonymous_22)
DA:1,0
DA:14,0
DA:15,0
DA:16,0
DA:17,0
DA:25,0
DA:26,0
DA:27,0
DA:28,0
DA:30,0
DA:31,0
DA:38,0
DA:39,0
DA:42,0
DA:43,0
DA:46,0
DA:47,0
DA:50,0
DA:51,0
DA:58,0
DA:61,0
DA:62,0
DA:63,0
DA:64,0
DA:65,0
DA:66,0
DA:68,0
DA:69,0
DA:70,0
DA:71,0
DA:74,0
DA:159,0
LF:32
LH:0
BRDA:63,0,0,0
BRDA:63,1,0,0
BRDA:63,1,1,0
BRDA:63,1,2,0
BRDA:76,2,0,0
BRDA:76,2,1,0
BRDA:146,3,0,0
BRDA:146,3,1,0
BRF:8
BRH:0
end_of_record
TN:
SF:src/components/Documents/Components/DeleteDocumentDialog.tsx
FN:23,(anonymous_15)
FN:32,(anonymous_16)
FN:36,(anonymous_17)
FNF:3
FNH:0
FNDA:0,(anonymous_15)
FNDA:0,(anonymous_16)
FNDA:0,(anonymous_17)
DA:1,0
DA:9,0
DA:11,0
DA:23,0
DA:24,0
DA:25,0
DA:26,0
DA:27,0
DA:28,0
DA:30,0
DA:31,0
DA:32,0
DA:33,0
DA:34,0
DA:36,0
DA:37,0
DA:38,0
DA:39,0
DA:40,0
DA:41,0
DA:43,0
DA:77,0
LF:22
LH:0
BRDA:53,0,0,0
BRDA:53,0,1,0
BRDA:53,1,0,0
BRDA:53,1,1,0
BRF:4
BRH:0
end_of_record
TN:
SF:src/components/Documents/Components/DocumentTable.tsx
FN:28,(anonymous_2)
FN:54,(anonymous_3)
FN:76,(anonymous_4)
FN:84,(anonymous_5)
FNF:4
FNH:0
FNDA:0,(anonymous_2)
FNDA:0,(anonymous_3)
FNDA:0,(anonymous_4)
FNDA:0,(anonymous_5)
DA:1,0
DA:14,0
DA:16,0
DA:28,0
DA:29,0
DA:30,0
DA:31,0
DA:32,0
DA:33,0
DA:34,0
DA:35,0
DA:37,0
DA:54,0
DA:76,0
DA:84,0
DA:118,0
LF:16
LH:0
BRDA:66,0,0,0
BRDA:66,0,1,0
BRDA:93,1,0,0
BRDA:93,1,1,0
BRF:4
BRH:0
end_of_record
TN:
SF:src/components/Documents/Components/UpdateDocumentDialog.tsx
FN:27,(anonymous_16)
FN:44,(anonymous_17)
FN:56,(anonymous_18)
FN:60,(anonymous_19)
FN:63,(anonymous_20)
FN:64,(anonymous_21)
FN:67,(anonymous_22)
FN:79,(anonymous_23)
FNF:8
FNH:0
FNDA:0,(anonymous_16)
FNDA:0,(anonymous_17)
FNDA:0,(anonymous_18)
FNDA:0,(anonymous_19)
FNDA:0,(anonymous_20)
FNDA:0,(anonymous_21)
FNDA:0,(anonymous_22)
FNDA:0,(anonymous_23)
DA:1,0
DA:14,0
DA:15,0
DA:16,0
DA:17,0
DA:27,0
DA:28,0
DA:29,0
DA:30,0
DA:31,0
DA:32,0
DA:34,0
DA:35,0
DA:42,0
DA:44,0
DA:45,0
DA:46,0
DA:56,0
DA:59,0
DA:60,0
DA:63,0
DA:64,0
DA:67,0
DA:68,0
DA:75,0
DA:76,0
DA:79,0
DA:80,0
DA:81,0
DA:82,0
DA:83,0
DA:84,0
DA:86,0
DA:87,0
DA:88,0
DA:89,0
DA:92,0
DA:171,0
LF:38
LH:0
BRDA:36,0,0,0
BRDA:36,0,1,0
BRDA:36,1,0,0
BRDA:36,1,1,0
BRDA:36,2,0,0
BRDA:36,2,1,0
BRDA:37,3,0,0
BRDA:37,3,1,0
BRDA:37,4,0,0
BRDA:37,4,1,0
BRDA:37,5,0,0
BRDA:37,5,1,0
BRDA:38,6,0,0
BRDA:38,6,1,0
BRDA:38,7,0,0
BRDA:38,7,1,0
BRDA:38,8,0,0
BRDA:38,8,1,0
BRDA:39,9,0,0
BRDA:39,9,1,0
BRDA:39,10,0,0
BRDA:39,10,1,0
BRDA:39,11,0,0
BRDA:39,11,1,0
BRDA:39,12,0,0
BRDA:39,12,1,0
BRDA:40,13,0,0
BRDA:40,13,1,0
BRDA:40,14,0,0
BRDA:40,14,1,0
BRDA:40,15,0,0
BRDA:40,15,1,0
BRDA:45,16,0,0
BRDA:47,17,0,0
BRDA:47,17,1,0
BRDA:47,18,0,0
BRDA:47,18,1,0
BRDA:47,19,0,0
BRDA:47,19,1,0
BRDA:48,20,0,0
BRDA:48,20,1,0
BRDA:48,21,0,0
BRDA:48,21,1,0
BRDA:48,22,0,0
BRDA:48,22,1,0
BRDA:49,23,0,0
BRDA:49,23,1,0
BRDA:49,24,0,0
BRDA:49,24,1,0
BRDA:49,25,0,0
BRDA:49,25,1,0
BRDA:50,26,0,0
BRDA:50,26,1,0
BRDA:50,27,0,0
BRDA:50,27,1,0
BRDA:50,28,0,0
BRDA:50,28,1,0
BRDA:50,29,0,0
BRDA:50,29,1,0
BRDA:51,30,0,0
BRDA:51,30,1,0
BRDA:51,31,0,0
BRDA:51,31,1,0
BRDA:51,32,0,0
BRDA:51,32,1,0
BRDA:81,33,0,0
BRDA:81,34,0,0
BRDA:81,34,1,0
BRDA:81,34,2,0
BRDA:94,35,0,0
BRDA:94,35,1,0
BRDA:99,36,0,0
BRDA:99,36,1,0
BRDA:143,37,0,0
BRDA:143,37,1,0
BRDA:161,38,0,0
BRDA:161,38,1,0
BRF:77
BRH:0
end_of_record
TN:
SF:src/components/Documents/Hooks/useDocument.ts
FN:4,(anonymous_13)
FN:9,(anonymous_14)
FN:21,(anonymous_17)
FNF:3
FNH:0
FNDA:0,(anonymous_13)
FNDA:0,(anonymous_14)
FNDA:0,(anonymous_17)
DA:1,0
DA:4,0
DA:5,0
DA:6,0
DA:7,0
DA:9,0
DA:11,0
DA:12,0
DA:13,0
DA:15,0
DA:17,0
DA:21,0
DA:22,0
DA:26,0
LF:14
LH:0
BRF:0
BRH:0
end_of_record
TN:
SF:src/components/Drivers/DriversComponent.tsx
FN:51,(anonymous_23)
FN:88,(anonymous_24)
FN:93,(anonymous_25)
FN:107,(anonymous_26)
FN:121,(anonymous_27)
FN:135,(anonymous_28)
FN:149,(anonymous_29)
FN:159,(anonymous_30)
FN:181,(anonymous_33)
FN:185,(anonymous_34)
FN:189,(anonymous_35)
FN:196,(anonymous_36)
FN:196,(anonymous_37)
FN:217,(anonymous_39)
FN:230,(anonymous_40)
FN:243,(anonymous_41)
FN:264,(anonymous_42)
FN:272,(anonymous_43)
FN:277,(anonymous_44)
FN:284,(anonymous_45)
FN:290,(anonymous_46)
FN:315,(anonymous_49)
FN:322,(anonymous_50)
FN:399,(anonymous_51)
FN:408,(anonymous_52)
FN:419,(anonymous_53)
FN:430,(anonymous_54)
FN:448,(anonymous_55)
FN:457,(anonymous_56)
FN:466,(anonymous_57)
FN:496,(anonymous_58)
FN:521,(anonymous_59)
FN:568,(anonymous_60)
FN:577,(anonymous_61)
FN:701,(anonymous_62)
FNF:35
FNH:0
FNDA:0,(anonymous_23)
FNDA:0,(anonymous_24)
FNDA:0,(anonymous_25)
FNDA:0,(anonymous_26)
FNDA:0,(anonymous_27)
FNDA:0,(anonymous_28)
FNDA:0,(anonymous_29)
FNDA:0,(anonymous_30)
FNDA:0,(anonymous_33)
FNDA:0,(anonymous_34)
FNDA:0,(anonymous_35)
FNDA:0,(anonymous_36)
FNDA:0,(anonymous_37)
FNDA:0,(anonymous_39)
FNDA:0,(anonymous_40)
FNDA:0,(anonymous_41)
FNDA:0,(anonymous_42)
FNDA:0,(anonymous_43)
FNDA:0,(anonymous_44)
FNDA:0,(anonymous_45)
FNDA:0,(anonymous_46)
FNDA:0,(anonymous_49)
FNDA:0,(anonymous_50)
FNDA:0,(anonymous_51)
FNDA:0,(anonymous_52)
FNDA:0,(anonymous_53)
FNDA:0,(anonymous_54)
FNDA:0,(anonymous_55)
FNDA:0,(anonymous_56)
FNDA:0,(anonymous_57)
FNDA:0,(anonymous_58)
FNDA:0,(anonymous_59)
FNDA:0,(anonymous_60)
FNDA:0,(anonymous_61)
FNDA:0,(anonymous_62)
DA:1,0
DA:2,0
DA:31,0
DA:45,0
DA:46,0
DA:47,0
DA:48,0
DA:49,0
DA:51,0
DA:52,0
DA:53,0
DA:54,0
DA:55,0
DA:56,0
DA:57,0
DA:58,0
DA:59,0
DA:62,0
DA:65,0
DA:66,0
DA:67,0
DA:68,0
DA:69,0
DA:70,0
DA:73,0
DA:76,0
DA:77,0
DA:80,0
DA:81,0
DA:82,0
DA:83,0
DA:84,0
DA:85,0
DA:86,0
DA:88,0
DA:89,0
DA:93,0
DA:94,0
DA:95,0
DA:103,0
DA:104,0
DA:105,0
DA:106,0
DA:108,0
DA:113,0
DA:114,0
DA:118,0
DA:119,0
DA:120,0
DA:121,0
DA:123,0
DA:128,0
DA:132,0
DA:133,0
DA:134,0
DA:135,0
DA:137,0
DA:142,0
DA:145,0
DA:146,0
DA:149,0
DA:150,0
DA:159,0
DA:160,0
DA:162,0
DA:163,0
DA:164,0
DA:165,0
DA:166,0
DA:167,0
DA:168,0
DA:170,0
DA:171,0
DA:172,0
DA:174,0
DA:177,0
DA:181,0
DA:182,0
DA:185,0
DA:186,0
DA:189,0
DA:192,0
DA:193,0
DA:196,0
DA:198,0
DA:199,0
DA:200,0
DA:201,0
DA:202,0
DA:203,0
DA:204,0
DA:205,0
DA:207,0
DA:208,0
DA:210,0
DA:213,0
DA:217,0
DA:218,0
DA:220,0
DA:222,0
DA:224,0
DA:226,0
DA:230,0
DA:231,0
DA:233,0
DA:235,0
DA:237,0
DA:239,0
DA:243,0
DA:244,0
DA:246,0
DA:248,0
DA:250,0
DA:252,0
DA:254,0
DA:256,0
DA:258,0
DA:260,0
DA:264,0
DA:265,0
DA:266,0
DA:267,0
DA:268,0
DA:272,0
DA:273,0
DA:277,0
DA:278,0
DA:279,0
DA:280,0
DA:281,0
DA:284,0
DA:285,0
DA:286,0
DA:290,0
DA:291,0
DA:292,0
DA:295,0
DA:298,0
DA:301,0
DA:303,0
DA:306,0
DA:308,0
DA:309,0
DA:311,0
DA:315,0
DA:316,0
DA:317,0
DA:318,0
DA:319,0
DA:322,0
DA:323,0
DA:324,0
DA:327,0
DA:328,0
DA:335,0
DA:399,0
DA:408,0
DA:419,0
DA:430,0
DA:448,0
DA:457,0
DA:466,0
DA:496,0
DA:521,0
DA:568,0
DA:577,0
DA:701,0
DA:733,0
LF:168
LH:0
BRDA:103,0,0,0
BRDA:108,1,0,0
BRDA:108,1,1,0
BRDA:108,1,2,0
BRDA:108,1,3,0
BRDA:108,2,0,0
BRDA:108,2,1,0
BRDA:108,3,0,0
BRDA:108,3,1,0
BRDA:108,4,0,0
BRDA:108,4,1,0
BRDA:108,5,0,0
BRDA:108,5,1,0
BRDA:108,6,0,0
BRDA:108,6,1,0
BRDA:108,7,0,0
BRDA:108,7,1,0
BRDA:109,8,0,0
BRDA:109,8,1,0
BRDA:109,9,0,0
BRDA:109,9,1,0
BRDA:109,10,0,0
BRDA:109,10,1,0
BRDA:109,11,0,0
BRDA:109,11,1,0
BRDA:109,12,0,0
BRDA:109,12,1,0
BRDA:109,13,0,0
BRDA:109,13,1,0
BRDA:110,14,0,0
BRDA:110,14,1,0
BRDA:110,15,0,0
BRDA:110,15,1,0
BRDA:110,16,0,0
BRDA:110,16,1,0
BRDA:110,17,0,0
BRDA:110,17,1,0
BRDA:110,18,0,0
BRDA:110,18,1,0
BRDA:110,19,0,0
BRDA:110,19,1,0
BRDA:111,20,0,0
BRDA:111,20,1,0
BRDA:111,21,0,0
BRDA:111,21,1,0
BRDA:111,22,0,0
BRDA:111,22,1,0
BRDA:111,23,0,0
BRDA:111,23,1,0
BRDA:118,24,0,0
BRDA:132,25,0,0
BRDA:171,26,0,0
BRDA:171,26,1,0
BRDA:205,27,0,0
BRDA:205,27,1,0
BRDA:207,28,0,0
BRDA:207,28,1,0
BRDA:218,29,0,0
BRDA:218,29,1,0
BRDA:218,29,2,0
BRDA:218,29,3,0
BRDA:231,30,0,0
BRDA:231,30,1,0
BRDA:231,30,2,0
BRDA:231,30,3,0
BRDA:244,31,0,0
BRDA:244,31,1,0
BRDA:244,31,2,0
BRDA:244,31,3,0
BRDA:244,31,4,0
BRDA:244,31,5,0
BRDA:244,31,6,0
BRDA:244,31,7,0
BRDA:265,32,0,0
BRDA:267,33,0,0
BRDA:267,33,1,0
BRDA:285,34,0,0
BRDA:285,35,0,0
BRDA:285,35,1,0
BRDA:291,36,0,0
BRDA:291,37,0,0
BRDA:291,37,1,0
BRDA:291,37,2,0
BRDA:327,38,0,0
BRDA:355,39,0,0
BRDA:355,39,1,0
BRDA:357,40,0,0
BRDA:357,40,1,0
BRDA:365,41,0,0
BRDA:365,41,1,0
BRDA:400,42,0,0
BRDA:400,42,1,0
BRDA:402,43,0,0
BRDA:402,43,1,0
BRDA:410,44,0,0
BRDA:410,44,1,0
BRDA:413,45,0,0
BRDA:413,45,1,0
BRDA:421,46,0,0
BRDA:421,46,1,0
BRDA:424,47,0,0
BRDA:424,47,1,0
BRDA:431,48,0,0
BRDA:431,48,1,0
BRDA:433,49,0,0
BRDA:433,49,1,0
BRDA:449,50,0,0
BRDA:449,50,1,0
BRDA:451,51,0,0
BRDA:451,51,1,0
BRDA:458,52,0,0
BRDA:458,52,1,0
BRDA:460,53,0,0
BRDA:460,53,1,0
BRDA:467,54,0,0
BRDA:467,54,1,0
BRDA:469,55,0,0
BRDA:469,55,1,0
BRDA:545,56,0,0
BRDA:545,56,1,0
BRDA:556,57,0,0
BRDA:556,57,1,0
BRDA:557,58,0,0
BRDA:557,58,1,0
BRDA:586,59,0,0
BRDA:586,59,1,0
BRDA:637,60,0,0
BRDA:637,60,1,0
BRDA:669,61,0,0
BRDA:669,61,1,0
BRDA:682,62,0,0
BRDA:682,62,1,0
BRDA:711,63,0,0
BRDA:711,63,1,0
BRDA:715,64,0,0
BRDA:715,64,1,0
BRDA:719,65,0,0
BRDA:719,65,1,0
BRF:138
BRH:0
end_of_record
TN:
SF:src/components/Drivers/DeleteDriverDialog/DeleteDriverDialog.tsx
FN:21,(anonymous_21)
FN:30,(anonymous_22)
FN:33,(anonymous_23)
FNF:3
FNH:0
FNDA:0,(anonymous_21)
FNDA:0,(anonymous_22)
FNDA:0,(anonymous_23)
DA:1,0
DA:9,0
DA:10,0
DA:21,0
DA:22,0
DA:23,0
DA:24,0
DA:25,0
DA:26,0
DA:28,0
DA:29,0
DA:30,0
DA:31,0
DA:33,0
DA:34,0
DA:35,0
DA:36,0
DA:37,0
DA:38,0
DA:39,0
DA:41,0
DA:75,0
LF:22
LH:0
BRF:0
BRH:0
end_of_record
TN:
SF:src/components/Drivers/DriverDetails/DriverDetailsDialog.tsx
FN:58,DriverDetailsDialog
FN:82,TabPanel
FN:98,(anonymous_19)
FN:102,(anonymous_20)
FN:112,(anonymous_21)
FN:116,(anonymous_22)
FN:140,(anonymous_25)
FN:141,(anonymous_26)
FN:235,(anonymous_27)
FN:236,(anonymous_28)
FNF:10
FNH:0
FNDA:0,DriverDetailsDialog
FNDA:0,TabPanel
FNDA:0,(anonymous_19)
FNDA:0,(anonymous_20)
FNDA:0,(anonymous_21)
FNDA:0,(anonymous_22)
FNDA:0,(anonymous_25)
FNDA:0,(anonymous_26)
FNDA:0,(anonymous_27)
FNDA:0,(anonymous_28)
DA:1,0
DA:2,0
DA:17,0
DA:18,0
DA:19,0
DA:21,0
DA:22,0
DA:58,0
DA:59,0
DA:60,0
DA:61,0
DA:62,0
DA:63,0
DA:64,0
DA:65,0
DA:66,0
DA:67,0
DA:68,0
DA:69,0
DA:70,0
DA:71,0
DA:72,0
DA:73,0
DA:74,0
DA:75,0
DA:76,0
DA:77,0
DA:79,0
DA:80,0
DA:81,0
DA:83,0
DA:85,0
DA:98,0
DA:99,0
DA:100,0
DA:101,0
DA:102,0
DA:103,0
DA:105,0
DA:107,0
DA:108,0
DA:109,0
DA:110,0
DA:112,0
DA:113,0
DA:116,0
DA:117,0
DA:119,0
DA:121,0
DA:128,0
DA:132,0
DA:134,0
DA:136,0
DA:140,0
DA:141,0
DA:143,0
DA:235,0
DA:236,0
DA:277,0
LF:59
LH:0
BRDA:93,0,0,0
BRDA:93,0,1,0
BRDA:101,1,0,0
BRDA:103,2,0,0
BRDA:103,2,1,0
BRDA:117,3,0,0
BRDA:141,4,0,0
BRDA:141,4,1,0
BRDA:141,5,0,0
BRDA:141,5,1,0
BRDA:141,6,0,0
BRDA:141,6,1,0
BRDA:141,7,0,0
BRDA:141,7,1,0
BRDA:151,8,0,0
BRDA:151,8,1,0
BRDA:165,9,0,0
BRDA:165,9,1,0
BRDA:181,10,0,0
BRDA:181,10,1,0
BRDA:182,11,0,0
BRDA:182,11,1,0
BRDA:186,12,0,0
BRDA:186,12,1,0
BRDA:208,13,0,0
BRDA:208,13,1,0
BRDA:228,14,0,0
BRDA:228,14,1,0
BRDA:241,15,0,0
BRDA:241,15,1,0
BRF:30
BRH:0
end_of_record
TN:
SF:src/components/Drivers/DriverDetails/Documents/DocumentsTab.tsx
FN:27,(anonymous_3)
FN:49,(anonymous_4)
FN:59,(anonymous_5)
FN:90,(anonymous_6)
FN:94,(anonymous_7)
FN:95,(anonymous_8)
FN:110,(anonymous_9)
FN:114,(anonymous_10)
FN:117,(anonymous_11)
FNF:9
FNH:0
FNDA:0,(anonymous_3)
FNDA:0,(anonymous_4)
FNDA:0,(anonymous_5)
FNDA:0,(anonymous_6)
FNDA:0,(anonymous_7)
FNDA:0,(anonymous_8)
FNDA:0,(anonymous_9)
FNDA:0,(anonymous_10)
FNDA:0,(anonymous_11)
DA:1,0
DA:2,0
DA:8,0
DA:9,0
DA:27,0
DA:28,0
DA:29,0
DA:30,0
DA:31,0
DA:32,0
DA:33,0
DA:34,0
DA:35,0
DA:36,0
DA:37,0
DA:38,0
DA:39,0
DA:40,0
DA:42,0
DA:43,0
DA:49,0
DA:59,0
DA:90,0
DA:94,0
DA:95,0
DA:111,0
DA:115,0
DA:118,0
DA:121,0
DA:122,0
DA:134,0
LF:31
LH:0
BRDA:45,0,0,0
BRDA:45,0,1,0
BRDA:55,1,0,0
BRDA:55,1,1,0
BRDA:89,2,0,0
BRDA:89,2,1,0
BRDA:89,3,0,0
BRDA:89,3,1,0
BRDA:90,4,0,0
BRDA:90,4,1,0
BRDA:90,5,0,0
BRDA:90,5,1,0
BRDA:90,6,0,0
BRDA:90,6,1,0
BRDA:90,7,0,0
BRDA:90,7,1,0
BRDA:107,8,0,0
BRDA:107,8,1,0
BRDA:107,8,2,0
BRDA:111,9,0,0
BRDA:111,9,1,0
BRDA:111,10,0,0
BRDA:111,10,1,0
BRDA:111,11,0,0
BRDA:111,11,1,0
BRDA:111,12,0,0
BRDA:111,12,1,0
BRDA:111,13,0,0
BRDA:111,13,1,0
BRDA:115,14,0,0
BRDA:115,14,1,0
BRDA:118,15,0,0
BRDA:118,15,1,0
BRDA:121,16,0,0
BRF:34
BRH:0
end_of_record
TN:
SF:src/components/Drivers/DriverDetails/Documents/AccordianGroup/AccordianGroup.tsx
FN:46,(anonymous_15)
FN:67,(anonymous_16)
FN:69,(anonymous_17)
FN:94,(anonymous_19)
FN:122,(anonymous_20)
FN:138,(anonymous_21)
FN:156,(anonymous_22)
FN:161,(anonymous_23)
FN:293,(anonymous_24)
FN:324,(anonymous_25)
FN:338,(anonymous_26)
FN:352,(anonymous_27)
FN:380,(anonymous_28)
FN:381,(anonymous_29)
FN:382,(anonymous_30)
FN:398,(anonymous_31)
FN:399,(anonymous_32)
FN:400,(anonymous_33)
FNF:18
FNH:0
FNDA:0,(anonymous_15)
FNDA:0,(anonymous_16)
FNDA:0,(anonymous_17)
FNDA:0,(anonymous_19)
FNDA:0,(anonymous_20)
FNDA:0,(anonymous_21)
FNDA:0,(anonymous_22)
FNDA:0,(anonymous_23)
FNDA:0,(anonymous_24)
FNDA:0,(anonymous_25)
FNDA:0,(anonymous_26)
FNDA:0,(anonymous_27)
FNDA:0,(anonymous_28)
FNDA:0,(anonymous_29)
FNDA:0,(anonymous_30)
FNDA:0,(anonymous_31)
FNDA:0,(anonymous_32)
FNDA:0,(anonymous_33)
DA:1,0
DA:13,0
DA:20,0
DA:30,0
DA:46,0
DA:47,0
DA:48,0
DA:49,0
DA:50,0
DA:51,0
DA:52,0
DA:53,0
DA:54,0
DA:55,0
DA:56,0
DA:57,0
DA:59,0
DA:64,0
DA:65,0
DA:66,0
DA:67,0
DA:69,0
DA:71,0
DA:73,0
DA:78,0
DA:79,0
DA:81,0
DA:82,0
DA:84,0
DA:94,0
DA:95,0
DA:100,0
DA:105,0
DA:106,0
DA:108,0
DA:109,0
DA:110,0
DA:112,0
DA:113,0
DA:115,0
DA:118,0
DA:122,0
DA:125,0
DA:127,0
DA:130,0
DA:132,0
DA:135,0
DA:138,0
DA:139,0
DA:141,0
DA:143,0
DA:145,0
DA:147,0
DA:149,0
DA:151,0
DA:154,0
DA:156,0
DA:162,0
DA:163,0
DA:164,0
DA:165,0
DA:166,0
DA:294,0
DA:325,0
DA:326,0
DA:327,0
DA:339,0
DA:340,0
DA:341,0
DA:353,0
DA:354,0
DA:355,0
DA:380,0
DA:381,0
DA:382,0
DA:398,0
DA:399,0
DA:400,0
DA:413,0
LF:79
LH:0
BRDA:60,0,0,0
BRDA:60,0,1,0
BRDA:71,1,0,0
BRDA:73,2,0,0
BRDA:74,3,0,0
BRDA:74,3,1,0
BRDA:74,3,2,0
BRDA:89,4,0,0
BRDA:89,4,1,0
BRDA:90,5,0,0
BRDA:90,5,1,0
BRDA:95,6,0,0
BRDA:95,6,1,0
BRDA:112,7,0,0
BRDA:112,7,1,0
BRDA:125,8,0,0
BRDA:125,8,1,0
BRDA:125,8,2,0
BRDA:125,8,3,0
BRDA:125,8,4,0
BRDA:125,8,5,0
BRDA:139,9,0,0
BRDA:139,9,1,0
BRDA:139,9,2,0
BRDA:139,9,3,0
BRDA:139,9,4,0
BRDA:139,9,5,0
BRDA:156,10,0,0
BRDA:156,10,1,0
BRDA:156,11,0,0
BRDA:156,11,1,0
BRDA:156,12,0,0
BRDA:156,12,1,0
BRDA:156,13,0,0
BRDA:156,13,1,0
BRDA:164,14,0,0
BRDA:207,15,0,0
BRDA:207,15,1,0
BRDA:222,16,0,0
BRDA:222,16,1,0
BRDA:237,17,0,0
BRDA:237,17,1,0
BRDA:249,18,0,0
BRDA:249,18,1,0
BRDA:255,19,0,0
BRDA:255,19,1,0
BRDA:261,20,0,0
BRDA:261,20,1,0
BRDA:276,21,0,0
BRDA:276,21,1,0
BRDA:302,22,0,0
BRDA:302,22,1,0
BRDA:330,23,0,0
BRDA:330,23,1,0
BRDA:344,24,0,0
BRDA:344,24,1,0
BRDA:358,25,0,0
BRDA:358,25,1,0
BRDA:366,26,0,0
BRDA:366,26,1,0
BRDA:366,26,2,0
BRDA:377,27,0,0
BRDA:377,27,1,0
BRF:63
BRH:0
end_of_record
TN:
SF:src/components/Drivers/DriverDetails/DriverInfo/DriverInfoTab.tsx
FN:24,(anonymous_2)
FNF:1
FNH:0
FNDA:0,(anonymous_2)
DA:1,0
DA:10,0
DA:24,0
DA:25,0
DA:26,0
DA:27,0
DA:28,0
DA:29,0
DA:30,0
DA:31,0
DA:33,0
DA:162,0
LF:12
LH:0
BRDA:48,0,0,0
BRDA:48,0,1,0
BRDA:48,1,0,0
BRDA:48,1,1,0
BRDA:58,2,0,0
BRDA:58,2,1,0
BRDA:74,3,0,0
BRDA:74,3,1,0
BRDA:76,4,0,0
BRDA:76,4,1,0
BRDA:76,5,0,0
BRDA:76,5,1,0
BRDA:76,6,0,0
BRDA:76,6,1,0
BRDA:114,7,0,0
BRDA:114,7,1,0
BRDA:114,8,0,0
BRDA:114,8,1,0
BRDA:117,9,0,0
BRDA:117,9,1,0
BRDA:117,10,0,0
BRDA:117,10,1,0
BRDA:117,11,0,0
BRDA:117,11,1,0
BRDA:143,12,0,0
BRDA:143,12,1,0
BRDA:145,13,0,0
BRDA:145,13,1,0
BRDA:145,14,0,0
BRDA:145,14,1,0
BRF:30
BRH:0
end_of_record
TN:
SF:src/components/Drivers/DriverDetails/Rides/RidesTab.tsx
FN:17,(anonymous_2)
FN:49,(anonymous_3)
FN:112,(anonymous_4)
FN:126,(anonymous_5)
FNF:4
FNH:0
FNDA:0,(anonymous_2)
FNDA:0,(anonymous_3)
FNDA:0,(anonymous_4)
FNDA:0,(anonymous_5)
DA:1,0
DA:17,0
DA:18,0
DA:49,0
DA:112,0
DA:126,0
DA:141,0
LF:7
LH:0
BRDA:26,0,0,0
BRDA:26,0,1,0
BRDA:37,1,0,0
BRDA:37,1,1,0
BRDA:59,2,0,0
BRDA:59,2,1,0
BRDA:61,3,0,0
BRDA:61,3,1,0
BRDA:63,4,0,0
BRDA:63,4,1,0
BRF:10
BRH:0
end_of_record
TN:
SF:src/components/ReferralWalletCard/ReferralWalletCard.tsx
FN:48,(anonymous_21)
FN:64,(anonymous_22)
FN:68,(anonymous_23)
FN:86,(anonymous_26)
FN:98,(anonymous_29)
FN:129,(anonymous_32)
FN:144,(anonymous_33)
FN:159,(anonymous_34)
FN:202,(anonymous_35)
FN:208,(anonymous_36)
FN:245,(anonymous_37)
FN:254,(anonymous_38)
FN:272,(anonymous_39)
FN:297,(anonymous_40)
FN:345,(anonymous_41)
FN:354,(anonymous_42)
FN:369,(anonymous_43)
FN:376,(anonymous_44)
FNF:18
FNH:0
FNDA:0,(anonymous_21)
FNDA:0,(anonymous_22)
FNDA:0,(anonymous_23)
FNDA:0,(anonymous_26)
FNDA:0,(anonymous_29)
FNDA:0,(anonymous_32)
FNDA:0,(anonymous_33)
FNDA:0,(anonymous_34)
FNDA:0,(anonymous_35)
FNDA:0,(anonymous_36)
FNDA:0,(anonymous_37)
FNDA:0,(anonymous_38)
FNDA:0,(anonymous_39)
FNDA:0,(anonymous_40)
FNDA:0,(anonymous_41)
FNDA:0,(anonymous_42)
FNDA:0,(anonymous_43)
FNDA:0,(anonymous_44)
DA:1,0
DA:2,0
DA:26,0
DA:33,0
DA:48,0
DA:49,0
DA:50,0
DA:51,0
DA:52,0
DA:54,0
DA:55,0
DA:56,0
DA:57,0
DA:58,0
DA:59,0
DA:60,0
DA:61,0
DA:62,0
DA:64,0
DA:65,0
DA:68,0
DA:70,0
DA:71,0
DA:73,0
DA:74,0
DA:75,0
DA:77,0
DA:78,0
DA:80,0
DA:82,0
DA:86,0
DA:88,0
DA:89,0
DA:90,0
DA:92,0
DA:94,0
DA:98,0
DA:99,0
DA:101,0
DA:102,0
DA:103,0
DA:104,0
DA:108,0
DA:109,0
DA:111,0
DA:113,0
DA:114,0
DA:115,0
DA:116,0
DA:117,0
DA:118,0
DA:120,0
DA:123,0
DA:125,0
DA:129,0
DA:130,0
DA:132,0
DA:134,0
DA:136,0
DA:138,0
DA:140,0
DA:144,0
DA:145,0
DA:147,0
DA:149,0
DA:151,0
DA:153,0
DA:155,0
DA:159,0
DA:160,0
DA:163,0
DA:164,0
DA:171,0
DA:172,0
DA:183,0
DA:202,0
DA:208,0
DA:245,0
DA:254,0
DA:272,0
DA:297,0
DA:345,0
DA:354,0
DA:369,0
DA:376,0
DA:392,0
LF:86
LH:0
BRDA:75,0,0,0
BRDA:73,1,0,0
BRDA:80,2,0,0
BRDA:80,2,1,0
BRDA:90,3,0,0
BRDA:88,4,0,0
BRDA:94,5,0,0
BRDA:94,5,1,0
BRDA:99,6,0,0
BRDA:99,7,0,0
BRDA:99,7,1,0
BRDA:102,8,0,0
BRDA:113,9,0,0
BRDA:113,9,1,0
BRDA:118,10,0,0
BRDA:120,11,0,0
BRDA:120,11,1,0
BRDA:123,12,0,0
BRDA:123,12,1,0
BRDA:130,13,0,0
BRDA:130,13,1,0
BRDA:130,13,2,0
BRDA:130,13,3,0
BRDA:130,13,4,0
BRDA:145,14,0,0
BRDA:145,14,1,0
BRDA:145,14,2,0
BRDA:145,14,3,0
BRDA:145,14,4,0
BRDA:163,15,0,0
BRDA:163,16,0,0
BRDA:163,16,1,0
BRDA:171,17,0,0
BRDA:201,18,0,0
BRDA:201,18,1,0
BRDA:207,19,0,0
BRDA:207,19,1,0
BRDA:250,20,0,0
BRDA:250,20,1,0
BRDA:250,20,2,0
BRDA:315,21,0,0
BRDA:315,21,1,0
BRDA:324,22,0,0
BRDA:324,22,1,0
BRDA:327,23,0,0
BRDA:327,23,1,0
BRDA:382,24,0,0
BRDA:382,24,1,0
BRDA:384,25,0,0
BRDA:384,25,1,0
BRF:50
BRH:0
end_of_record
TN:
SF:src/components/Rewards/RewardsComponent.tsx
FN:16,(anonymous_22)
FN:29,(anonymous_23)
FN:34,(anonymous_24)
FN:69,(anonymous_27)
FNF:4
FNH:0
FNDA:0,(anonymous_22)
FNDA:0,(anonymous_23)
FNDA:0,(anonymous_24)
FNDA:0,(anonymous_27)
DA:1,0
DA:9,0
DA:10,0
DA:11,0
DA:12,0
DA:13,0
DA:16,0
DA:17,0
DA:18,0
DA:19,0
DA:20,0
DA:21,0
DA:22,0
DA:23,0
DA:24,0
DA:25,0
DA:27,0
DA:29,0
DA:30,0
DA:31,0
DA:34,0
DA:35,0
DA:37,0
DA:38,0
DA:39,0
DA:40,0
DA:42,0
DA:43,0
DA:45,0
DA:48,0
DA:51,0
DA:69,0
DA:110,0
LF:33
LH:0
BRDA:38,0,0,0
BRDA:38,0,1,0
BRDA:38,1,0,0
BRDA:38,1,1,0
BRDA:38,2,0,0
BRDA:38,2,1,0
BRDA:39,3,0,0
BRDA:39,3,1,0
BRDA:39,4,0,0
BRDA:39,4,1,0
BRDA:39,5,0,0
BRDA:39,5,1,0
BRDA:42,6,0,0
BRDA:42,6,1,0
BRF:14
BRH:0
end_of_record
TN:
SF:src/components/Rewards/CreateRewardForm/CreateRewardForm.tsx
FN:23,(anonymous_21)
FN:38,(anonymous_22)
FN:47,(anonymous_23)
FN:50,(anonymous_24)
FN:56,(anonymous_25)
FN:57,(anonymous_26)
FNF:6
FNH:0
FNDA:0,(anonymous_21)
FNDA:0,(anonymous_22)
FNDA:0,(anonymous_23)
FNDA:0,(anonymous_24)
FNDA:0,(anonymous_25)
FNDA:0,(anonymous_26)
DA:1,0
DA:12,0
DA:14,0
DA:23,0
DA:24,0
DA:25,0
DA:26,0
DA:27,0
DA:29,0
DA:30,0
DA:31,0
DA:36,0
DA:38,0
DA:39,0
DA:40,0
DA:47,0
DA:48,0
DA:50,0
DA:56,0
DA:57,0
DA:59,0
DA:60,0
DA:63,0
DA:68,0
DA:71,0
DA:77,0
DA:78,0
DA:79,0
DA:81,0
DA:82,0
DA:88,0
DA:92,0
DA:198,0
LF:33
LH:0
BRDA:63,0,0,0
BRDA:64,1,0,0
BRDA:64,1,1,0
BRDA:64,1,2,0
BRDA:83,2,0,0
BRDA:83,2,1,0
BRDA:99,3,0,0
BRDA:99,3,1,0
BRDA:159,4,0,0
BRDA:159,4,1,0
BRDA:177,5,0,0
BRDA:177,5,1,0
BRDA:177,5,2,0
BRDA:177,5,3,0
BRDA:183,6,0,0
BRDA:183,6,1,0
BRF:16
BRH:0
end_of_record
TN:
SF:src/components/Rewards/DeleteRewardDialog/DeleteRewardDialog.tsx
FN:23,(anonymous_15)
FN:32,(anonymous_16)
FN:36,(anonymous_17)
FNF:3
FNH:0
FNDA:0,(anonymous_15)
FNDA:0,(anonymous_16)
FNDA:0,(anonymous_17)
DA:1,0
DA:10,0
DA:11,0
DA:23,0
DA:24,0
DA:25,0
DA:26,0
DA:27,0
DA:28,0
DA:30,0
DA:31,0
DA:32,0
DA:33,0
DA:34,0
DA:36,0
DA:37,0
DA:39,0
DA:40,0
DA:41,0
DA:43,0
DA:45,0
DA:47,0
DA:81,0
LF:23
LH:0
BRDA:57,0,0,0
BRDA:57,0,1,0
BRDA:57,1,0,0
BRDA:57,1,1,0
BRF:4
BRH:0
end_of_record
TN:
SF:src/components/Rewards/RewardsTable/RewardsTable.tsx
FN:34,(anonymous_9)
FN:50,(anonymous_10)
FN:53,(anonymous_11)
FN:59,(anonymous_12)
FN:62,(anonymous_13)
FN:66,(anonymous_14)
FN:69,(anonymous_15)
FN:117,(anonymous_16)
FN:162,(anonymous_17)
FNF:9
FNH:0
FNDA:0,(anonymous_9)
FNDA:0,(anonymous_10)
FNDA:0,(anonymous_11)
FNDA:0,(anonymous_12)
FNDA:0,(anonymous_13)
FNDA:0,(anonymous_14)
FNDA:0,(anonymous_15)
FNDA:0,(anonymous_16)
FNDA:0,(anonymous_17)
DA:1,0
DA:18,0
DA:19,0
DA:20,0
DA:22,0
DA:34,0
DA:35,0
DA:36,0
DA:37,0
DA:38,0
DA:39,0
DA:40,0
DA:41,0
DA:43,0
DA:44,0
DA:45,0
DA:48,0
DA:49,0
DA:50,0
DA:51,0
DA:53,0
DA:56,0
DA:57,0
DA:59,0
DA:60,0
DA:62,0
DA:63,0
DA:66,0
DA:67,0
DA:68,0
DA:70,0
DA:77,0
DA:81,0
DA:82,0
DA:88,0
DA:89,0
DA:100,0
DA:117,0
DA:163,0
DA:164,0
DA:209,0
LF:41
LH:0
BRDA:67,0,0,0
BRDA:70,1,0,0
BRDA:70,1,1,0
BRDA:70,1,2,0
BRDA:70,1,3,0
BRDA:81,2,0,0
BRDA:88,3,0,0
BRDA:174,4,0,0
BRDA:174,4,1,0
BRDA:196,5,0,0
BRDA:196,5,1,0
BRF:11
BRH:0
end_of_record
TN:
SF:src/components/Riders/RidersComponent.tsx
FN:26,(anonymous_23)
FN:47,(anonymous_24)
FN:53,(anonymous_25)
FN:66,(anonymous_26)
FN:80,(anonymous_27)
FN:94,(anonymous_28)
FN:98,(anonymous_29)
FN:120,(anonymous_32)
FN:120,(anonymous_33)
FN:136,(anonymous_35)
FN:136,(anonymous_36)
FN:140,(anonymous_38)
FN:213,(anonymous_39)
FN:233,(anonymous_40)
FN:242,(anonymous_41)
FN:251,(anonymous_42)
FNF:16
FNH:0
FNDA:0,(anonymous_23)
FNDA:0,(anonymous_24)
FNDA:0,(anonymous_25)
FNDA:0,(anonymous_26)
FNDA:0,(anonymous_27)
FNDA:0,(anonymous_28)
FNDA:0,(anonymous_29)
FNDA:0,(anonymous_32)
FNDA:0,(anonymous_33)
FNDA:0,(anonymous_35)
FNDA:0,(anonymous_36)
FNDA:0,(anonymous_38)
FNDA:0,(anonymous_39)
FNDA:0,(anonymous_40)
FNDA:0,(anonymous_41)
FNDA:0,(anonymous_42)
DA:1,0
DA:2,0
DA:15,0
DA:22,0
DA:23,0
DA:24,0
DA:26,0
DA:27,0
DA:28,0
DA:29,0
DA:30,0
DA:31,0
DA:32,0
DA:33,0
DA:34,0
DA:35,0
DA:36,0
DA:37,0
DA:38,0
DA:41,0
DA:42,0
DA:44,0
DA:47,0
DA:48,0
DA:53,0
DA:54,0
DA:55,0
DA:62,0
DA:63,0
DA:64,0
DA:65,0
DA:67,0
DA:72,0
DA:73,0
DA:77,0
DA:78,0
DA:79,0
DA:80,0
DA:82,0
DA:87,0
DA:90,0
DA:91,0
DA:94,0
DA:95,0
DA:98,0
DA:99,0
DA:101,0
DA:102,0
DA:103,0
DA:104,0
DA:105,0
DA:106,0
DA:107,0
DA:109,0
DA:110,0
DA:111,0
DA:113,0
DA:116,0
DA:120,0
DA:121,0
DA:122,0
DA:123,0
DA:124,0
DA:127,0
DA:128,0
DA:130,0
DA:132,0
DA:136,0
DA:138,0
DA:139,0
DA:140,0
DA:141,0
DA:143,0
DA:144,0
DA:145,0
DA:147,0
DA:148,0
DA:150,0
DA:155,0
DA:156,0
DA:163,0
DA:164,0
DA:176,0
DA:213,0
DA:233,0
DA:242,0
DA:251,0
DA:302,0
LF:88
LH:0
BRDA:62,0,0,0
BRDA:67,1,0,0
BRDA:67,1,1,0
BRDA:67,1,2,0
BRDA:67,1,3,0
BRDA:67,2,0,0
BRDA:67,2,1,0
BRDA:67,3,0,0
BRDA:67,3,1,0
BRDA:67,4,0,0
BRDA:67,4,1,0
BRDA:67,5,0,0
BRDA:67,5,1,0
BRDA:67,6,0,0
BRDA:67,6,1,0
BRDA:67,7,0,0
BRDA:67,7,1,0
BRDA:68,8,0,0
BRDA:68,8,1,0
BRDA:68,9,0,0
BRDA:68,9,1,0
BRDA:68,10,0,0
BRDA:68,10,1,0
BRDA:68,11,0,0
BRDA:68,11,1,0
BRDA:68,12,0,0
BRDA:68,12,1,0
BRDA:68,13,0,0
BRDA:68,13,1,0
BRDA:69,14,0,0
BRDA:69,14,1,0
BRDA:69,15,0,0
BRDA:69,15,1,0
BRDA:69,16,0,0
BRDA:69,16,1,0
BRDA:69,17,0,0
BRDA:69,17,1,0
BRDA:69,18,0,0
BRDA:69,18,1,0
BRDA:69,19,0,0
BRDA:69,19,1,0
BRDA:70,20,0,0
BRDA:70,20,1,0
BRDA:70,21,0,0
BRDA:70,21,1,0
BRDA:70,22,0,0
BRDA:70,22,1,0
BRDA:70,23,0,0
BRDA:70,23,1,0
BRDA:70,24,0,0
BRDA:70,24,1,0
BRDA:70,25,0,0
BRDA:70,25,1,0
BRDA:77,26,0,0
BRDA:110,27,0,0
BRDA:110,27,1,0
BRDA:128,28,0,0
BRDA:128,28,1,0
BRDA:140,29,0,0
BRDA:140,29,1,0
BRDA:140,30,0,0
BRDA:140,30,1,0
BRDA:141,31,0,0
BRDA:141,31,1,0
BRDA:141,32,0,0
BRDA:141,32,1,0
BRDA:141,33,0,0
BRDA:141,33,1,0
BRDA:144,34,0,0
BRDA:144,34,1,0
BRDA:144,35,0,0
BRDA:144,35,1,0
BRDA:144,36,0,0
BRDA:144,36,1,0
BRDA:147,37,0,0
BRDA:147,37,1,0
BRDA:155,38,0,0
BRDA:163,39,0,0
BRDA:195,40,0,0
BRDA:195,40,1,0
BRDA:197,41,0,0
BRDA:197,41,1,0
BRDA:234,42,0,0
BRDA:234,42,1,0
BRDA:236,43,0,0
BRDA:236,43,1,0
BRDA:243,44,0,0
BRDA:243,44,1,0
BRDA:245,45,0,0
BRDA:245,45,1,0
BRDA:252,46,0,0
BRDA:252,46,1,0
BRDA:254,47,0,0
BRDA:254,47,1,0
BRDA:284,48,0,0
BRDA:284,48,1,0
BRF:96
BRH:0
end_of_record
TN:
SF:src/components/Riders/RewardPoints/RewardPointsDialog.tsx
FN:35,(anonymous_9)
FN:47,(anonymous_10)
FN:54,(anonymous_11)
FN:57,(anonymous_12)
FN:121,(anonymous_13)
FN:142,(anonymous_14)
FN:177,(anonymous_15)
FN:201,(anonymous_16)
FNF:8
FNH:0
FNDA:0,(anonymous_9)
FNDA:0,(anonymous_10)
FNDA:0,(anonymous_11)
FNDA:0,(anonymous_12)
FNDA:0,(anonymous_13)
FNDA:0,(anonymous_14)
FNDA:0,(anonymous_15)
FNDA:0,(anonymous_16)
DA:1,0
DA:2,0
DA:20,0
DA:21,0
DA:22,0
DA:23,0
DA:24,0
DA:25,0
DA:35,0
DA:36,0
DA:37,0
DA:38,0
DA:39,0
DA:40,0
DA:41,0
DA:43,0
DA:44,0
DA:47,0
DA:48,0
DA:50,0
DA:51,0
DA:52,0
DA:53,0
DA:54,0
DA:55,0
DA:57,0
DA:60,0
DA:61,0
DA:63,0
DA:122,0
DA:143,0
DA:177,0
DA:202,0
DA:203,0
DA:248,0
LF:35
LH:0
BRDA:126,0,0,0
BRDA:126,0,1,0
BRDA:128,1,0,0
BRDA:128,1,1,0
BRDA:128,2,0,0
BRDA:128,2,1,0
BRDA:168,3,0,0
BRDA:168,3,1,0
BRDA:189,4,0,0
BRDA:189,4,1,0
BRDA:224,5,0,0
BRDA:224,5,1,0
BRDA:234,6,0,0
BRDA:234,6,1,0
BRF:14
BRH:0
end_of_record
TN:
SF:src/components/Riders/RewardPoints/DeleteRewardPointDialog/DeleteRewardPointDialog.tsx
FN:26,(anonymous_16)
FN:35,(anonymous_17)
FN:39,(anonymous_18)
FNF:3
FNH:0
FNDA:0,(anonymous_16)
FNDA:0,(anonymous_17)
FNDA:0,(anonymous_18)
DA:1,0
DA:10,0
DA:11,0
DA:26,0
DA:27,0
DA:28,0
DA:29,0
DA:30,0
DA:31,0
DA:32,0
DA:34,0
DA:35,0
DA:36,0
DA:37,0
DA:39,0
DA:40,0
DA:41,0
DA:42,0
DA:44,0
DA:73,0
LF:20
LH:0
BRDA:40,0,0,0
BRF:1
BRH:0
end_of_record
TN:
SF:src/components/Riders/RewardPoints/RewardAdjustmentDialog/RewardAdjustmentDialog.tsx
FN:32,(anonymous_21)
FN:45,(anonymous_22)
FN:54,(anonymous_23)
FN:54,(anonymous_24)
FN:191,(anonymous_26)
FN:193,(anonymous_27)
FN:232,(anonymous_28)
FN:233,(anonymous_29)
FNF:8
FNH:0
FNDA:0,(anonymous_21)
FNDA:0,(anonymous_22)
FNDA:0,(anonymous_23)
FNDA:0,(anonymous_24)
FNDA:0,(anonymous_26)
FNDA:0,(anonymous_27)
FNDA:0,(anonymous_28)
FNDA:0,(anonymous_29)
DA:1,0
DA:2,0
DA:15,0
DA:16,0
DA:17,0
DA:18,0
DA:32,0
DA:33,0
DA:34,0
DA:35,0
DA:36,0
DA:37,0
DA:39,0
DA:40,0
DA:41,0
DA:42,0
DA:43,0
DA:45,0
DA:46,0
DA:50,0
DA:51,0
DA:54,0
DA:55,0
DA:58,0
DA:61,0
DA:62,0
DA:63,0
DA:67,0
DA:68,0
DA:69,0
DA:71,0
DA:72,0
DA:75,0
DA:79,0
DA:81,0
DA:91,0
DA:92,0
DA:93,0
DA:95,0
DA:96,0
DA:98,0
DA:102,0
DA:192,0
DA:193,0
DA:199,0
DA:200,0
DA:233,0
DA:275,0
LF:48
LH:0
BRDA:55,0,0,0
BRDA:61,1,0,0
BRDA:61,2,0,0
BRDA:61,2,1,0
BRDA:61,3,0,0
BRDA:61,3,1,0
BRDA:61,4,0,0
BRDA:61,4,1,0
BRDA:61,5,0,0
BRDA:61,5,1,0
BRDA:61,6,0,0
BRDA:61,6,1,0
BRDA:67,7,0,0
BRDA:69,8,0,0
BRDA:69,8,1,0
BRDA:71,9,0,0
BRDA:82,10,0,0
BRDA:82,10,1,0
BRDA:82,11,0,0
BRDA:82,11,1,0
BRDA:82,12,0,0
BRDA:82,12,1,0
BRDA:83,13,0,0
BRDA:83,13,1,0
BRDA:87,14,0,0
BRDA:87,14,1,0
BRDA:87,15,0,0
BRDA:87,15,1,0
BRDA:87,16,0,0
BRDA:87,16,1,0
BRDA:121,17,0,0
BRDA:121,17,1,0
BRDA:147,18,0,0
BRDA:147,18,1,0
BRDA:153,19,0,0
BRDA:153,19,1,0
BRDA:172,20,0,0
BRDA:172,20,1,0
BRDA:179,21,0,0
BRDA:179,21,1,0
BRDA:185,22,0,0
BRDA:185,22,1,0
BRDA:185,23,0,0
BRDA:185,23,1,0
BRDA:185,24,0,0
BRDA:185,24,1,0
BRDA:185,25,0,0
BRDA:185,25,1,0
BRDA:187,26,0,0
BRDA:187,26,1,0
BRDA:195,27,0,0
BRDA:195,27,1,0
BRDA:195,28,0,0
BRDA:195,28,1,0
BRDA:195,29,0,0
BRDA:195,29,1,0
BRDA:195,30,0,0
BRDA:195,30,1,0
BRDA:199,31,0,0
BRDA:205,32,0,0
BRDA:205,32,1,0
BRDA:207,33,0,0
BRDA:207,33,1,0
BRDA:220,34,0,0
BRDA:220,34,1,0
BRDA:226,35,0,0
BRDA:226,35,1,0
BRDA:226,36,0,0
BRDA:226,36,1,0
BRDA:226,37,0,0
BRDA:226,37,1,0
BRDA:226,38,0,0
BRDA:226,38,1,0
BRDA:228,39,0,0
BRDA:228,39,1,0
BRDA:234,40,0,0
BRDA:234,40,1,0
BRDA:234,41,0,0
BRDA:234,41,1,0
BRDA:234,42,0,0
BRDA:234,42,1,0
BRDA:234,43,0,0
BRDA:234,43,1,0
BRDA:239,44,0,0
BRDA:239,44,1,0
BRDA:253,45,0,0
BRDA:253,45,1,0
BRDA:253,45,2,0
BRDA:253,45,3,0
BRDA:253,45,4,0
BRDA:253,46,0,0
BRDA:253,46,1,0
BRDA:253,47,0,0
BRDA:253,47,1,0
BRDA:254,48,0,0
BRDA:254,48,1,0
BRDA:254,49,0,0
BRDA:254,49,1,0
BRDA:257,50,0,0
BRDA:257,50,1,0
BRDA:257,50,2,0
BRDA:258,51,0,0
BRDA:258,51,1,0
BRDA:258,52,0,0
BRDA:258,52,1,0
BRDA:259,53,0,0
BRDA:259,53,1,0
BRDA:262,54,0,0
BRDA:262,54,1,0
BRF:109
BRH:0
end_of_record
TN:
SF:src/components/Riders/RiderRides/RiderRidesDialog.tsx
FN:42,(anonymous_3)
FN:56,(anonymous_4)
FN:61,(anonymous_5)
FN:64,(anonymous_6)
FN:140,(anonymous_7)
FN:152,(anonymous_8)
FN:204,(anonymous_9)
FNF:7
FNH:0
FNDA:0,(anonymous_3)
FNDA:0,(anonymous_4)
FNDA:0,(anonymous_5)
FNDA:0,(anonymous_6)
FNDA:0,(anonymous_7)
FNDA:0,(anonymous_8)
FNDA:0,(anonymous_9)
DA:1,0
DA:21,0
DA:22,0
DA:27,0
DA:28,0
DA:29,0
DA:42,0
DA:43,0
DA:44,0
DA:45,0
DA:46,0
DA:47,0
DA:48,0
DA:49,0
DA:50,0
DA:51,0
DA:52,0
DA:54,0
DA:55,0
DA:56,0
DA:57,0
DA:58,0
DA:59,0
DA:61,0
DA:62,0
DA:64,0
DA:65,0
DA:67,0
DA:69,0
DA:71,0
DA:73,0
DA:75,0
DA:78,0
DA:140,0
DA:152,0
DA:204,0
DA:272,0
LF:37
LH:0
BRDA:65,0,0,0
BRDA:65,0,1,0
BRDA:65,0,2,0
BRDA:65,0,3,0
BRDA:65,0,4,0
BRDA:104,1,0,0
BRDA:104,1,1,0
BRDA:114,2,0,0
BRDA:114,2,1,0
BRDA:128,3,0,0
BRDA:128,3,1,0
BRDA:138,4,0,0
BRDA:138,4,1,0
BRDA:162,5,0,0
BRDA:162,5,1,0
BRDA:162,6,0,0
BRDA:162,6,1,0
BRDA:177,7,0,0
BRDA:177,7,1,0
BRDA:226,8,0,0
BRDA:226,8,1,0
BRDA:256,9,0,0
BRDA:256,9,1,0
BRDA:260,10,0,0
BRDA:260,10,1,0
BRDA:263,11,0,0
BRDA:263,11,1,0
BRF:27
BRH:0
end_of_record
TN:
SF:src/components/Riders/RidersTable/RidersTable.tsx
FN:34,(anonymous_9)
FN:44,(anonymous_10)
FN:47,(anonymous_11)
FN:54,(anonymous_12)
FN:78,(anonymous_13)
FN:142,(anonymous_14)
FN:150,(anonymous_15)
FNF:7
FNH:0
FNDA:0,(anonymous_9)
FNDA:0,(anonymous_10)
FNDA:0,(anonymous_11)
FNDA:0,(anonymous_12)
FNDA:0,(anonymous_13)
FNDA:0,(anonymous_14)
FNDA:0,(anonymous_15)
DA:1,0
DA:16,0
DA:20,0
DA:21,0
DA:23,0
DA:24,0
DA:34,0
DA:35,0
DA:36,0
DA:37,0
DA:38,0
DA:39,0
DA:41,0
DA:42,0
DA:43,0
DA:44,0
DA:45,0
DA:47,0
DA:50,0
DA:51,0
DA:54,0
DA:55,0
DA:56,0
DA:59,0
DA:78,0
DA:142,0
DA:150,0
DA:194,0
LF:28
LH:0
BRDA:111,0,0,0
BRDA:111,0,1,0
BRDA:133,1,0,0
BRDA:133,1,1,0
BRDA:160,2,0,0
BRDA:160,2,1,0
BRF:6
BRH:0
end_of_record
TN:
SF:src/components/Riders/RidersTable/DeleteRider/DeleteRiderDialog.tsx
FN:21,(anonymous_15)
FN:30,(anonymous_16)
FN:34,(anonymous_17)
FNF:3
FNH:0
FNDA:0,(anonymous_15)
FNDA:0,(anonymous_16)
FNDA:0,(anonymous_17)
DA:1,0
DA:10,0
DA:11,0
DA:21,0
DA:22,0
DA:23,0
DA:24,0
DA:25,0
DA:26,0
DA:28,0
DA:29,0
DA:30,0
DA:31,0
DA:32,0
DA:34,0
DA:35,0
DA:36,0
DA:37,0
DA:38,0
DA:39,0
DA:41,0
DA:75,0
LF:22
LH:0
BRF:0
BRH:0
end_of_record
TN:
SF:src/components/StarRating/StarRating.tsx
FN:12,(anonymous_3)
FNF:1
FNH:0
FNDA:0,(anonymous_3)
DA:1,0
DA:2,0
DA:12,0
DA:13,0
DA:14,0
DA:15,0
DA:16,0
DA:17,0
DA:20,0
DA:22,0
DA:28,0
DA:30,0
DA:46,0
LF:13
LH:0
BRDA:14,0,0,0
BRDA:14,0,1,0
BRDA:15,1,0,0
BRDA:15,1,1,0
BRDA:16,2,0,0
BRDA:16,2,1,0
BRDA:17,3,0,0
BRDA:17,3,1,0
BRDA:20,4,0,0
BRDA:20,4,1,0
BRDA:20,5,0,0
BRDA:20,5,1,0
BRF:12
BRH:0
end_of_record
TN:
SF:src/contexts/AuthContext.tsx
FN:99,(anonymous_22)
FN:102,(anonymous_23)
FN:103,(anonymous_26)
FN:106,(anonymous_29)
FN:109,(anonymous_32)
FN:112,(anonymous_35)
FN:115,(anonymous_38)
FN:118,(anonymous_41)
FN:119,(anonymous_44)
FN:121,(anonymous_45)
FN:124,(anonymous_47)
FN:127,(anonymous_48)
FN:130,(anonymous_50)
FN:133,(anonymous_53)
FN:136,(anonymous_56)
FN:139,(anonymous_59)
FN:142,(anonymous_62)
FN:142,(anonymous_63)
FN:145,(anonymous_65)
FN:154,(anonymous_68)
FN:157,(anonymous_71)
FN:157,(anonymous_72)
FN:167,(anonymous_74)
FN:167,(anonymous_75)
FN:170,(anonymous_77)
FN:170,(anonymous_78)
FN:173,(anonymous_80)
FN:173,(anonymous_81)
FN:176,(anonymous_83)
FN:176,(anonymous_84)
FN:179,(anonymous_86)
FN:179,(anonymous_87)
FN:182,(anonymous_89)
FN:185,(anonymous_90)
FN:193,(anonymous_91)
FN:200,(anonymous_92)
FN:201,(anonymous_93)
FN:223,(anonymous_96)
FN:232,(anonymous_97)
FN:232,(anonymous_98)
FN:313,(anonymous_100)
FN:313,(anonymous_101)
FN:319,(anonymous_103)
FN:328,(anonymous_104)
FN:328,(anonymous_105)
FN:334,(anonymous_107)
FN:344,(anonymous_108)
FN:348,(anonymous_109)
FN:360,(anonymous_111)
FN:367,(anonymous_112)
FN:371,(anonymous_113)
FN:382,(anonymous_115)
FN:389,(anonymous_116)
FN:389,(anonymous_117)
FN:395,(anonymous_119)
FN:403,(anonymous_120)
FN:403,(anonymous_121)
FN:414,(anonymous_123)
FN:422,(anonymous_124)
FN:422,(anonymous_125)
FN:428,(anonymous_127)
FN:436,(anonymous_128)
FN:436,(anonymous_129)
FN:442,(anonymous_131)
FN:450,(anonymous_132)
FN:450,(anonymous_133)
FN:456,(anonymous_135)
FN:463,(anonymous_136)
FN:463,(anonymous_137)
FN:469,(anonymous_139)
FN:476,(anonymous_140)
FN:476,(anonymous_141)
FN:481,(anonymous_143)
FN:489,(anonymous_144)
FN:489,(anonymous_145)
FN:505,(anonymous_147)
FN:519,(anonymous_148)
FN:519,(anonymous_149)
FN:525,(anonymous_151)
FN:533,(anonymous_152)
FN:533,(anonymous_153)
FN:541,(anonymous_155)
FN:548,(anonymous_156)
FN:548,(anonymous_157)
FN:556,(anonymous_159)
FN:563,(anonymous_160)
FN:563,(anonymous_161)
FN:569,(anonymous_163)
FN:576,(anonymous_164)
FN:578,(anonymous_165)
FN:586,(anonymous_167)
FN:593,(anonymous_168)
FN:595,(anonymous_169)
FN:603,(anonymous_171)
FN:611,(anonymous_172)
FN:614,(anonymous_173)
FN:622,(anonymous_175)
FN:630,(anonymous_176)
FN:630,(anonymous_177)
FN:637,(anonymous_179)
FN:644,(anonymous_180)
FN:644,(anonymous_181)
FN:651,(anonymous_183)
FN:658,(anonymous_184)
FNF:104
FNH:3
FNDA:0,(anonymous_22)
FNDA:0,(anonymous_23)
FNDA:0,(anonymous_26)
FNDA:0,(anonymous_29)
FNDA:0,(anonymous_32)
FNDA:0,(anonymous_35)
FNDA:0,(anonymous_38)
FNDA:0,(anonymous_41)
FNDA:0,(anonymous_44)
FNDA:0,(anonymous_45)
FNDA:0,(anonymous_47)
FNDA:0,(anonymous_48)
FNDA:0,(anonymous_50)
FNDA:0,(anonymous_53)
FNDA:0,(anonymous_56)
FNDA:0,(anonymous_59)
FNDA:0,(anonymous_62)
FNDA:0,(anonymous_63)
FNDA:0,(anonymous_65)
FNDA:0,(anonymous_68)
FNDA:0,(anonymous_71)
FNDA:0,(anonymous_72)
FNDA:0,(anonymous_74)
FNDA:0,(anonymous_75)
FNDA:0,(anonymous_77)
FNDA:0,(anonymous_78)
FNDA:0,(anonymous_80)
FNDA:0,(anonymous_81)
FNDA:0,(anonymous_83)
FNDA:0,(anonymous_84)
FNDA:0,(anonymous_86)
FNDA:0,(anonymous_87)
FNDA:0,(anonymous_89)
FNDA:0,(anonymous_90)
FNDA:8,(anonymous_91)
FNDA:4,(anonymous_92)
FNDA:8,(anonymous_93)
FNDA:0,(anonymous_96)
FNDA:0,(anonymous_97)
FNDA:0,(anonymous_98)
FNDA:0,(anonymous_100)
FNDA:0,(anonymous_101)
FNDA:0,(anonymous_103)
FNDA:0,(anonymous_104)
FNDA:0,(anonymous_105)
FNDA:0,(anonymous_107)
FNDA:0,(anonymous_108)
FNDA:0,(anonymous_109)
FNDA:0,(anonymous_111)
FNDA:0,(anonymous_112)
FNDA:0,(anonymous_113)
FNDA:0,(anonymous_115)
FNDA:0,(anonymous_116)
FNDA:0,(anonymous_117)
FNDA:0,(anonymous_119)
FNDA:0,(anonymous_120)
FNDA:0,(anonymous_121)
FNDA:0,(anonymous_123)
FNDA:0,(anonymous_124)
FNDA:0,(anonymous_125)
FNDA:0,(anonymous_127)
FNDA:0,(anonymous_128)
FNDA:0,(anonymous_129)
FNDA:0,(anonymous_131)
FNDA:0,(anonymous_132)
FNDA:0,(anonymous_133)
FNDA:0,(anonymous_135)
FNDA:0,(anonymous_136)
FNDA:0,(anonymous_137)
FNDA:0,(anonymous_139)
FNDA:0,(anonymous_140)
FNDA:0,(anonymous_141)
FNDA:0,(anonymous_143)
FNDA:0,(anonymous_144)
FNDA:0,(anonymous_145)
FNDA:0,(anonymous_147)
FNDA:0,(anonymous_148)
FNDA:0,(anonymous_149)
FNDA:0,(anonymous_151)
FNDA:0,(anonymous_152)
FNDA:0,(anonymous_153)
FNDA:0,(anonymous_155)
FNDA:0,(anonymous_156)
FNDA:0,(anonymous_157)
FNDA:0,(anonymous_159)
FNDA:0,(anonymous_160)
FNDA:0,(anonymous_161)
FNDA:0,(anonymous_163)
FNDA:0,(anonymous_164)
FNDA:0,(anonymous_165)
FNDA:0,(anonymous_167)
FNDA:0,(anonymous_168)
FNDA:0,(anonymous_169)
FNDA:0,(anonymous_171)
FNDA:0,(anonymous_172)
FNDA:0,(anonymous_173)
FNDA:0,(anonymous_175)
FNDA:0,(anonymous_176)
FNDA:0,(anonymous_177)
FNDA:0,(anonymous_179)
FNDA:0,(anonymous_180)
FNDA:0,(anonymous_181)
FNDA:0,(anonymous_183)
FNDA:0,(anonymous_184)
DA:1,1
DA:19,1
DA:20,1
DA:21,1
DA:46,1
DA:92,1
DA:97,1
DA:102,0
DA:103,0
DA:104,0
DA:106,0
DA:107,0
DA:109,0
DA:110,0
DA:112,0
DA:113,0
DA:115,0
DA:116,0
DA:118,0
DA:120,0
DA:122,0
DA:126,0
DA:128,0
DA:130,0
DA:131,0
DA:133,0
DA:134,0
DA:136,0
DA:137,0
DA:139,0
DA:140,0
DA:142,0
DA:143,0
DA:145,0
DA:146,0
DA:154,0
DA:155,0
DA:157,0
DA:158,0
DA:167,0
DA:168,0
DA:170,0
DA:171,0
DA:173,0
DA:174,0
DA:176,0
DA:177,0
DA:179,0
DA:180,0
DA:185,1
DA:186,0
DA:187,0
DA:188,0
DA:190,0
DA:193,1
DA:194,8
DA:196,8
DA:197,8
DA:200,8
DA:201,8
DA:202,4
DA:203,4
DA:205,4
DA:207,4
DA:208,0
DA:214,0
DA:216,4
DA:220,4
DA:223,8
DA:224,0
DA:228,0
DA:232,8
DA:233,0
DA:236,0
DA:243,0
DA:245,0
DA:256,0
DA:258,0
DA:260,0
DA:261,0
DA:265,0
DA:268,0
DA:273,0
DA:274,0
DA:277,0
DA:282,0
DA:283,0
DA:287,0
DA:300,0
DA:302,0
DA:307,0
DA:313,8
DA:315,0
DA:316,0
DA:318,0
DA:319,0
DA:323,0
DA:328,8
DA:330,0
DA:331,0
DA:333,0
DA:334,0
DA:338,0
DA:344,8
DA:347,0
DA:350,0
DA:355,0
DA:356,0
DA:358,0
DA:359,0
DA:360,0
DA:367,8
DA:370,0
DA:373,0
DA:374,0
DA:377,0
DA:379,0
DA:380,0
DA:381,0
DA:382,0
DA:389,8
DA:391,0
DA:392,0
DA:394,0
DA:395,0
DA:399,0
DA:403,8
DA:405,0
DA:406,0
DA:408,0
DA:409,0
DA:410,0
DA:412,0
DA:413,0
DA:414,0
DA:422,8
DA:424,0
DA:425,0
DA:427,0
DA:428,0
DA:432,0
DA:436,8
DA:438,0
DA:439,0
DA:441,0
DA:442,0
DA:446,0
DA:450,8
DA:452,0
DA:454,0
DA:455,0
DA:456,0
DA:463,8
DA:465,0
DA:466,0
DA:468,0
DA:469,0
DA:476,8
DA:478,0
DA:479,0
DA:481,0
DA:485,0
DA:489,8
DA:490,0
DA:492,0
DA:493,0
DA:494,0
DA:495,0
DA:496,0
DA:498,0
DA:499,0
DA:504,0
DA:505,0
DA:509,0
DA:519,8
DA:521,0
DA:522,0
DA:524,0
DA:525,0
DA:529,0
DA:533,8
DA:535,0
DA:536,0
DA:537,0
DA:539,0
DA:540,0
DA:541,0
DA:548,8
DA:550,0
DA:551,0
DA:552,0
DA:554,0
DA:555,0
DA:556,0
DA:563,8
DA:565,0
DA:566,0
DA:568,0
DA:569,0
DA:576,8
DA:578,0
DA:581,0
DA:582,0
DA:584,0
DA:585,0
DA:586,0
DA:593,8
DA:594,0
DA:597,0
DA:598,0
DA:599,0
DA:601,0
DA:602,0
DA:603,0
DA:607,0
DA:611,8
DA:613,0
DA:616,0
DA:617,0
DA:618,0
DA:620,0
DA:621,0
DA:622,0
DA:626,0
DA:630,8
DA:632,0
DA:633,0
DA:635,0
DA:636,0
DA:637,0
DA:644,8
DA:646,0
DA:647,0
DA:649,0
DA:650,0
DA:651,0
DA:658,8
DA:660,0
DA:661,0
DA:662,0
DA:664,0
DA:667,8
DA:669,8
LF:243
LH:46
BRDA:187,0,0,0
BRDA:207,1,0,0
BRDA:224,2,0,0
BRDA:225,3,0,0
BRDA:225,3,1,0
BRDA:225,4,0,0
BRDA:225,4,1,0
BRDA:225,5,0,0
BRDA:225,5,1,0
BRDA:225,6,0,0
BRDA:225,6,1,0
BRDA:225,7,0,0
BRDA:225,7,1,0
BRDA:225,8,0,0
BRDA:225,8,1,0
BRDA:225,9,0,0
BRDA:225,9,1,0
BRDA:225,10,0,0
BRDA:225,10,1,0
BRDA:225,11,0,0
BRDA:225,11,1,0
BRDA:226,12,0,0
BRDA:226,12,1,0
BRDA:226,13,0,0
BRDA:226,13,1,0
BRDA:226,14,0,0
BRDA:226,14,1,0
BRDA:226,15,0,0
BRDA:226,15,1,0
BRDA:226,16,0,0
BRDA:226,16,1,0
BRDA:226,17,0,0
BRDA:226,17,1,0
BRDA:247,18,0,0
BRDA:247,18,1,0
BRDA:247,19,0,0
BRDA:247,19,1,0
BRDA:248,20,0,0
BRDA:248,20,1,0
BRDA:248,21,0,0
BRDA:248,21,1,0
BRDA:248,22,0,0
BRDA:248,22,1,0
BRDA:249,23,0,0
BRDA:249,23,1,0
BRDA:249,24,0,0
BRDA:249,24,1,0
BRDA:249,25,0,0
BRDA:249,25,1,0
BRDA:251,26,0,0
BRDA:251,26,1,0
BRDA:251,27,0,0
BRDA:251,27,1,0
BRDA:252,28,0,0
BRDA:252,28,1,0
BRDA:252,29,0,0
BRDA:252,29,1,0
BRDA:252,30,0,0
BRDA:252,30,1,0
BRDA:256,31,0,0
BRDA:258,32,0,0
BRDA:258,32,1,0
BRDA:260,33,0,0
BRDA:260,34,0,0
BRDA:260,34,1,0
BRDA:260,35,0,0
BRDA:260,35,1,0
BRDA:260,36,0,0
BRDA:260,36,1,0
BRDA:260,37,0,0
BRDA:260,37,1,0
BRDA:260,38,0,0
BRDA:260,38,1,0
BRDA:260,39,0,0
BRDA:260,39,1,0
BRDA:300,40,0,0
BRDA:300,40,1,0
BRDA:300,41,0,0
BRDA:300,41,1,0
BRDA:316,42,0,0
BRDA:316,42,1,0
BRDA:316,42,2,0
BRDA:316,42,3,0
BRDA:316,43,0,0
BRDA:316,43,1,0
BRDA:316,44,0,0
BRDA:316,44,1,0
BRDA:316,45,0,0
BRDA:316,45,1,0
BRDA:316,46,0,0
BRDA:316,46,1,0
BRDA:316,47,0,0
BRDA:316,47,1,0
BRDA:316,48,0,0
BRDA:316,48,1,0
BRDA:321,49,0,0
BRDA:321,49,1,0
BRDA:321,50,0,0
BRDA:321,50,1,0
BRDA:321,51,0,0
BRDA:321,51,1,0
BRDA:321,52,0,0
BRDA:321,52,1,0
BRDA:321,53,0,0
BRDA:321,53,1,0
BRDA:331,54,0,0
BRDA:331,54,1,0
BRDA:331,54,2,0
BRDA:331,54,3,0
BRDA:331,55,0,0
BRDA:331,55,1,0
BRDA:331,56,0,0
BRDA:331,56,1,0
BRDA:331,57,0,0
BRDA:331,57,1,0
BRDA:331,58,0,0
BRDA:331,58,1,0
BRDA:331,59,0,0
BRDA:331,59,1,0
BRDA:331,60,0,0
BRDA:331,60,1,0
BRDA:336,61,0,0
BRDA:336,61,1,0
BRDA:336,62,0,0
BRDA:336,62,1,0
BRDA:336,63,0,0
BRDA:336,63,1,0
BRDA:336,64,0,0
BRDA:336,64,1,0
BRDA:336,65,0,0
BRDA:336,65,1,0
BRDA:355,66,0,0
BRDA:355,66,1,0
BRDA:355,67,0,0
BRDA:355,67,1,0
BRDA:356,68,0,0
BRDA:356,68,1,0
BRDA:356,68,2,0
BRDA:356,68,3,0
BRDA:356,69,0,0
BRDA:356,69,1,0
BRDA:356,70,0,0
BRDA:356,70,1,0
BRDA:356,71,0,0
BRDA:356,71,1,0
BRDA:356,72,0,0
BRDA:356,72,1,0
BRDA:356,73,0,0
BRDA:356,73,1,0
BRDA:356,74,0,0
BRDA:356,74,1,0
BRDA:356,75,0,0
BRDA:356,75,1,0
BRDA:356,76,0,0
BRDA:356,76,1,0
BRDA:356,77,0,0
BRDA:356,77,1,0
BRDA:356,78,0,0
BRDA:356,78,1,0
BRDA:356,79,0,0
BRDA:356,79,1,0
BRDA:356,80,0,0
BRDA:356,80,1,0
BRDA:359,81,0,0
BRDA:359,81,1,0
BRDA:359,82,0,0
BRDA:359,82,1,0
BRDA:362,83,0,0
BRDA:362,83,1,0
BRDA:362,84,0,0
BRDA:362,84,1,0
BRDA:362,85,0,0
BRDA:362,85,1,0
BRDA:362,86,0,0
BRDA:362,86,1,0
BRDA:362,87,0,0
BRDA:362,87,1,0
BRDA:375,88,0,0
BRDA:375,88,1,0
BRDA:377,89,0,0
BRDA:377,89,1,0
BRDA:377,89,2,0
BRDA:377,89,3,0
BRDA:377,90,0,0
BRDA:377,90,1,0
BRDA:377,91,0,0
BRDA:377,91,1,0
BRDA:377,92,0,0
BRDA:377,92,1,0
BRDA:377,93,0,0
BRDA:377,93,1,0
BRDA:377,94,0,0
BRDA:377,94,1,0
BRDA:377,95,0,0
BRDA:377,95,1,0
BRDA:377,96,0,0
BRDA:377,96,1,0
BRDA:377,97,0,0
BRDA:377,97,1,0
BRDA:377,98,0,0
BRDA:377,98,1,0
BRDA:377,99,0,0
BRDA:377,99,1,0
BRDA:377,100,0,0
BRDA:377,100,1,0
BRDA:377,101,0,0
BRDA:377,101,1,0
BRDA:379,102,0,0
BRDA:379,102,1,0
BRDA:379,103,0,0
BRDA:379,103,1,0
BRDA:380,104,0,0
BRDA:380,104,1,0
BRDA:380,105,0,0
BRDA:380,105,1,0
BRDA:380,106,0,0
BRDA:380,106,1,0
BRDA:380,107,0,0
BRDA:380,107,1,0
BRDA:380,108,0,0
BRDA:380,108,1,0
BRDA:384,109,0,0
BRDA:384,109,1,0
BRDA:384,110,0,0
BRDA:384,110,1,0
BRDA:384,111,0,0
BRDA:384,111,1,0
BRDA:384,112,0,0
BRDA:384,112,1,0
BRDA:384,113,0,0
BRDA:384,113,1,0
BRDA:392,114,0,0
BRDA:392,114,1,0
BRDA:392,114,2,0
BRDA:392,114,3,0
BRDA:392,115,0,0
BRDA:392,115,1,0
BRDA:392,116,0,0
BRDA:392,116,1,0
BRDA:392,117,0,0
BRDA:392,117,1,0
BRDA:392,118,0,0
BRDA:392,118,1,0
BRDA:392,119,0,0
BRDA:392,119,1,0
BRDA:392,120,0,0
BRDA:392,120,1,0
BRDA:397,121,0,0
BRDA:397,121,1,0
BRDA:397,122,0,0
BRDA:397,122,1,0
BRDA:397,123,0,0
BRDA:397,123,1,0
BRDA:397,124,0,0
BRDA:397,124,1,0
BRDA:397,125,0,0
BRDA:397,125,1,0
BRDA:406,126,0,0
BRDA:406,126,1,0
BRDA:406,127,0,0
BRDA:406,127,1,0
BRDA:408,128,0,0
BRDA:408,129,0,0
BRDA:408,129,1,0
BRDA:408,130,0,0
BRDA:408,130,1,0
BRDA:412,131,0,0
BRDA:412,131,1,0
BRDA:412,132,0,0
BRDA:412,132,1,0
BRDA:416,133,0,0
BRDA:416,133,1,0
BRDA:416,134,0,0
BRDA:416,134,1,0
BRDA:416,135,0,0
BRDA:416,135,1,0
BRDA:416,136,0,0
BRDA:416,136,1,0
BRDA:416,137,0,0
BRDA:416,137,1,0
BRDA:425,138,0,0
BRDA:425,138,1,0
BRDA:425,138,2,0
BRDA:425,138,3,0
BRDA:425,139,0,0
BRDA:425,139,1,0
BRDA:425,140,0,0
BRDA:425,140,1,0
BRDA:425,141,0,0
BRDA:425,141,1,0
BRDA:425,142,0,0
BRDA:425,142,1,0
BRDA:425,143,0,0
BRDA:425,143,1,0
BRDA:425,144,0,0
BRDA:425,144,1,0
BRDA:430,145,0,0
BRDA:430,145,1,0
BRDA:430,146,0,0
BRDA:430,146,1,0
BRDA:430,147,0,0
BRDA:430,147,1,0
BRDA:430,148,0,0
BRDA:430,148,1,0
BRDA:430,149,0,0
BRDA:430,149,1,0
BRDA:439,150,0,0
BRDA:439,150,1,0
BRDA:439,150,2,0
BRDA:439,150,3,0
BRDA:439,151,0,0
BRDA:439,151,1,0
BRDA:439,152,0,0
BRDA:439,152,1,0
BRDA:439,153,0,0
BRDA:439,153,1,0
BRDA:439,154,0,0
BRDA:439,154,1,0
BRDA:439,155,0,0
BRDA:439,155,1,0
BRDA:439,156,0,0
BRDA:439,156,1,0
BRDA:444,157,0,0
BRDA:444,157,1,0
BRDA:444,158,0,0
BRDA:444,158,1,0
BRDA:444,159,0,0
BRDA:444,159,1,0
BRDA:444,160,0,0
BRDA:444,160,1,0
BRDA:444,161,0,0
BRDA:444,161,1,0
BRDA:455,162,0,0
BRDA:455,162,1,0
BRDA:455,163,0,0
BRDA:455,163,1,0
BRDA:458,164,0,0
BRDA:458,164,1,0
BRDA:458,165,0,0
BRDA:458,165,1,0
BRDA:458,166,0,0
BRDA:458,166,1,0
BRDA:458,167,0,0
BRDA:458,167,1,0
BRDA:458,168,0,0
BRDA:458,168,1,0
BRDA:466,169,0,0
BRDA:466,169,1,0
BRDA:466,169,2,0
BRDA:466,169,3,0
BRDA:466,170,0,0
BRDA:466,170,1,0
BRDA:466,171,0,0
BRDA:466,171,1,0
BRDA:466,172,0,0
BRDA:466,172,1,0
BRDA:466,173,0,0
BRDA:466,173,1,0
BRDA:466,174,0,0
BRDA:466,174,1,0
BRDA:466,175,0,0
BRDA:466,175,1,0
BRDA:471,176,0,0
BRDA:471,176,1,0
BRDA:471,177,0,0
BRDA:471,177,1,0
BRDA:471,178,0,0
BRDA:471,178,1,0
BRDA:471,179,0,0
BRDA:471,179,1,0
BRDA:471,180,0,0
BRDA:471,180,1,0
BRDA:479,181,0,0
BRDA:479,181,1,0
BRDA:479,181,2,0
BRDA:479,181,3,0
BRDA:479,182,0,0
BRDA:479,182,1,0
BRDA:479,183,0,0
BRDA:479,183,1,0
BRDA:479,184,0,0
BRDA:479,184,1,0
BRDA:479,185,0,0
BRDA:479,185,1,0
BRDA:479,186,0,0
BRDA:479,186,1,0
BRDA:479,187,0,0
BRDA:479,187,1,0
BRDA:483,188,0,0
BRDA:483,188,1,0
BRDA:483,189,0,0
BRDA:483,189,1,0
BRDA:483,190,0,0
BRDA:483,190,1,0
BRDA:483,191,0,0
BRDA:483,191,1,0
BRDA:483,192,0,0
BRDA:483,192,1,0
BRDA:485,193,0,0
BRDA:485,193,1,0
BRDA:485,194,0,0
BRDA:485,194,1,0
BRDA:485,195,0,0
BRDA:485,195,1,0
BRDA:485,196,0,0
BRDA:485,196,1,0
BRDA:485,197,0,0
BRDA:485,197,1,0
BRDA:494,198,0,0
BRDA:494,198,1,0
BRDA:494,199,0,0
BRDA:494,199,1,0
BRDA:494,200,0,0
BRDA:494,200,1,0
BRDA:501,201,0,0
BRDA:501,201,1,0
BRDA:501,202,0,0
BRDA:501,202,1,0
BRDA:502,203,0,0
BRDA:502,203,1,0
BRDA:502,204,0,0
BRDA:502,204,1,0
BRDA:507,205,0,0
BRDA:507,205,1,0
BRDA:507,206,0,0
BRDA:507,206,1,0
BRDA:507,207,0,0
BRDA:507,207,1,0
BRDA:507,208,0,0
BRDA:507,208,1,0
BRDA:507,209,0,0
BRDA:507,209,1,0
BRDA:522,210,0,0
BRDA:522,210,1,0
BRDA:522,210,2,0
BRDA:522,210,3,0
BRDA:522,211,0,0
BRDA:522,211,1,0
BRDA:522,212,0,0
BRDA:522,212,1,0
BRDA:522,213,0,0
BRDA:522,213,1,0
BRDA:522,214,0,0
BRDA:522,214,1,0
BRDA:522,215,0,0
BRDA:522,215,1,0
BRDA:522,216,0,0
BRDA:522,216,1,0
BRDA:527,217,0,0
BRDA:527,217,1,0
BRDA:527,218,0,0
BRDA:527,218,1,0
BRDA:527,219,0,0
BRDA:527,219,1,0
BRDA:527,220,0,0
BRDA:527,220,1,0
BRDA:527,221,0,0
BRDA:527,221,1,0
BRDA:536,222,0,0
BRDA:536,222,1,0
BRDA:536,223,0,0
BRDA:536,223,1,0
BRDA:537,224,0,0
BRDA:537,224,1,0
BRDA:537,224,2,0
BRDA:537,224,3,0
BRDA:537,225,0,0
BRDA:537,225,1,0
BRDA:537,226,0,0
BRDA:537,226,1,0
BRDA:537,227,0,0
BRDA:537,227,1,0
BRDA:537,228,0,0
BRDA:537,228,1,0
BRDA:537,229,0,0
BRDA:537,229,1,0
BRDA:537,230,0,0
BRDA:537,230,1,0
BRDA:540,231,0,0
BRDA:540,231,1,0
BRDA:540,232,0,0
BRDA:540,232,1,0
BRDA:543,233,0,0
BRDA:543,233,1,0
BRDA:543,234,0,0
BRDA:543,234,1,0
BRDA:543,235,0,0
BRDA:543,235,1,0
BRDA:543,236,0,0
BRDA:543,236,1,0
BRDA:543,237,0,0
BRDA:543,237,1,0
BRDA:551,238,0,0
BRDA:551,238,1,0
BRDA:551,239,0,0
BRDA:551,239,1,0
BRDA:552,240,0,0
BRDA:552,240,1,0
BRDA:552,240,2,0
BRDA:552,240,3,0
BRDA:552,241,0,0
BRDA:552,241,1,0
BRDA:552,242,0,0
BRDA:552,242,1,0
BRDA:552,243,0,0
BRDA:552,243,1,0
BRDA:552,244,0,0
BRDA:552,244,1,0
BRDA:552,245,0,0
BRDA:552,245,1,0
BRDA:552,246,0,0
BRDA:552,246,1,0
BRDA:555,247,0,0
BRDA:555,247,1,0
BRDA:555,248,0,0
BRDA:555,248,1,0
BRDA:558,249,0,0
BRDA:558,249,1,0
BRDA:558,250,0,0
BRDA:558,250,1,0
BRDA:558,251,0,0
BRDA:558,251,1,0
BRDA:558,252,0,0
BRDA:558,252,1,0
BRDA:558,253,0,0
BRDA:558,253,1,0
BRDA:566,254,0,0
BRDA:566,254,1,0
BRDA:566,255,0,0
BRDA:566,255,1,0
BRDA:571,256,0,0
BRDA:571,256,1,0
BRDA:571,257,0,0
BRDA:571,257,1,0
BRDA:571,258,0,0
BRDA:571,258,1,0
BRDA:571,259,0,0
BRDA:571,259,1,0
BRDA:571,260,0,0
BRDA:571,260,1,0
BRDA:582,261,0,0
BRDA:582,261,1,0
BRDA:582,262,0,0
BRDA:582,262,1,0
BRDA:585,263,0,0
BRDA:585,263,1,0
BRDA:585,264,0,0
BRDA:585,264,1,0
BRDA:588,265,0,0
BRDA:588,265,1,0
BRDA:588,266,0,0
BRDA:588,266,1,0
BRDA:588,267,0,0
BRDA:588,267,1,0
BRDA:588,268,0,0
BRDA:588,268,1,0
BRDA:588,269,0,0
BRDA:588,269,1,0
BRDA:598,270,0,0
BRDA:598,270,1,0
BRDA:598,271,0,0
BRDA:598,271,1,0
BRDA:599,272,0,0
BRDA:599,272,1,0
BRDA:599,272,2,0
BRDA:599,272,3,0
BRDA:599,273,0,0
BRDA:599,273,1,0
BRDA:599,274,0,0
BRDA:599,274,1,0
BRDA:599,275,0,0
BRDA:599,275,1,0
BRDA:599,276,0,0
BRDA:599,276,1,0
BRDA:599,277,0,0
BRDA:599,277,1,0
BRDA:599,278,0,0
BRDA:599,278,1,0
BRDA:602,279,0,0
BRDA:602,279,1,0
BRDA:602,280,0,0
BRDA:602,280,1,0
BRDA:605,281,0,0
BRDA:605,281,1,0
BRDA:605,282,0,0
BRDA:605,282,1,0
BRDA:605,283,0,0
BRDA:605,283,1,0
BRDA:605,284,0,0
BRDA:605,284,1,0
BRDA:605,285,0,0
BRDA:605,285,1,0
BRDA:617,286,0,0
BRDA:617,286,1,0
BRDA:617,287,0,0
BRDA:617,287,1,0
BRDA:618,288,0,0
BRDA:618,288,1,0
BRDA:618,288,2,0
BRDA:618,288,3,0
BRDA:618,289,0,0
BRDA:618,289,1,0
BRDA:618,290,0,0
BRDA:618,290,1,0
BRDA:618,291,0,0
BRDA:618,291,1,0
BRDA:618,292,0,0
BRDA:618,292,1,0
BRDA:618,293,0,0
BRDA:618,293,1,0
BRDA:618,294,0,0
BRDA:618,294,1,0
BRDA:621,295,0,0
BRDA:621,295,1,0
BRDA:621,296,0,0
BRDA:621,296,1,0
BRDA:624,297,0,0
BRDA:624,297,1,0
BRDA:624,298,0,0
BRDA:624,298,1,0
BRDA:624,299,0,0
BRDA:624,299,1,0
BRDA:624,300,0,0
BRDA:624,300,1,0
BRDA:624,301,0,0
BRDA:624,301,1,0
BRDA:633,302,0,0
BRDA:633,302,1,0
BRDA:633,303,0,0
BRDA:633,303,1,0
BRDA:636,304,0,0
BRDA:636,304,1,0
BRDA:636,305,0,0
BRDA:636,305,1,0
BRDA:639,306,0,0
BRDA:639,306,1,0
BRDA:639,307,0,0
BRDA:639,307,1,0
BRDA:639,308,0,0
BRDA:639,308,1,0
BRDA:639,309,0,0
BRDA:639,309,1,0
BRDA:639,310,0,0
BRDA:639,310,1,0
BRDA:647,311,0,0
BRDA:647,311,1,0
BRDA:647,312,0,0
BRDA:647,312,1,0
BRDA:650,313,0,0
BRDA:650,313,1,0
BRDA:650,314,0,0
BRDA:650,314,1,0
BRDA:653,315,0,0
BRDA:653,315,1,0
BRDA:653,316,0,0
BRDA:653,316,1,0
BRDA:653,317,0,0
BRDA:653,317,1,0
BRDA:653,318,0,0
BRDA:653,318,1,0
BRDA:653,319,0,0
BRDA:653,319,1,0
BRF:662
BRH:0
end_of_record
TN:
SF:src/firebase/firebaseConfig.ts
FNF:0
FNH:0
DA:2,1
DA:3,1
DA:5,1
DA:15,1
DA:16,1
LF:5
LH:5
BRF:0
BRH:0
end_of_record
TN:
SF:src/pages/Dashboard.tsx
FN:49,(anonymous_21)
FN:54,(anonymous_22)
FN:55,(anonymous_23)
FN:78,(anonymous_26)
FN:82,(anonymous_27)
FN:111,(anonymous_28)
FN:120,(anonymous_29)
FN:148,(anonymous_30)
FNF:8
FNH:0
FNDA:0,(anonymous_21)
FNDA:0,(anonymous_22)
FNDA:0,(anonymous_23)
FNDA:0,(anonymous_26)
FNDA:0,(anonymous_27)
FNDA:0,(anonymous_28)
FNDA:0,(anonymous_29)
FNDA:0,(anonymous_30)
DA:1,0
DA:2,0
DA:19,0
DA:25,0
DA:26,0
DA:36,0
DA:37,0
DA:40,0
DA:49,0
DA:50,0
DA:51,0
DA:52,0
DA:53,0
DA:54,0
DA:55,0
DA:57,0
DA:58,0
DA:59,0
DA:61,0
DA:62,0
DA:63,0
DA:65,0
DA:66,0
DA:68,0
DA:72,0
DA:77,0
DA:78,0
DA:82,0
DA:98,0
DA:111,0
DA:112,0
DA:113,0
DA:120,0
DA:121,0
DA:123,0
DA:125,0
DA:127,0
DA:129,0
DA:131,0
DA:135,0
DA:148,0
DA:174,0
DA:175,0
DA:189,0
DA:190,0
DA:206,0
DA:366,0
LF:47
LH:0
BRDA:78,0,0,0
BRDA:78,0,1,0
BRDA:78,1,0,0
BRDA:78,1,1,0
BRDA:78,2,0,0
BRDA:78,2,1,0
BRDA:82,3,0,0
BRDA:82,3,1,0
BRDA:82,4,0,0
BRDA:82,4,1,0
BRDA:82,5,0,0
BRDA:82,5,1,0
BRDA:112,6,0,0
BRDA:112,7,0,0
BRDA:112,7,1,0
BRDA:112,8,0,0
BRDA:112,8,1,0
BRDA:112,9,0,0
BRDA:112,9,1,0
BRDA:121,10,0,0
BRDA:121,10,1,0
BRDA:121,10,2,0
BRDA:121,10,3,0
BRDA:121,10,4,0
BRDA:148,11,0,0
BRDA:148,11,1,0
BRDA:148,12,0,0
BRDA:148,12,1,0
BRDA:148,13,0,0
BRDA:148,13,1,0
BRDA:148,14,0,0
BRDA:148,14,1,0
BRDA:174,15,0,0
BRDA:189,16,0,0
BRDA:233,17,0,0
BRDA:233,17,1,0
BRDA:233,18,0,0
BRDA:233,18,1,0
BRDA:233,19,0,0
BRDA:233,19,1,0
BRDA:261,20,0,0
BRDA:261,20,1,0
BRDA:261,21,0,0
BRDA:261,21,1,0
BRDA:261,22,0,0
BRDA:261,22,1,0
BRDA:289,23,0,0
BRDA:289,23,1,0
BRDA:289,24,0,0
BRDA:289,24,1,0
BRDA:289,25,0,0
BRDA:289,25,1,0
BRDA:317,26,0,0
BRDA:317,26,1,0
BRDA:317,27,0,0
BRDA:317,27,1,0
BRDA:317,28,0,0
BRDA:317,28,1,0
BRDA:320,29,0,0
BRDA:320,29,1,0
BRDA:320,30,0,0
BRDA:320,30,1,0
BRDA:320,31,0,0
BRDA:320,31,1,0
BRF:64
BRH:0
end_of_record
TN:
SF:src/pages/Documents.tsx
FN:3,(anonymous_0)
FNF:1
FNH:0
FNDA:0,(anonymous_0)
DA:1,0
DA:3,0
DA:4,0
DA:7,0
LF:4
LH:0
BRF:0
BRH:0
end_of_record
TN:
SF:src/pages/Drivers.tsx
FN:3,(anonymous_1)
FNF:1
FNH:0
FNDA:0,(anonymous_1)
DA:1,0
DA:3,0
DA:4,0
DA:9,0
LF:4
LH:0
BRF:0
BRH:0
end_of_record
TN:
SF:src/pages/Login.tsx
FN:18,(anonymous_21)
FN:24,(anonymous_22)
FN:31,(anonymous_23)
FN:31,(anonymous_24)
FN:91,(anonymous_26)
FN:104,(anonymous_27)
FNF:6
FNH:0
FNDA:0,(anonymous_21)
FNDA:0,(anonymous_22)
FNDA:0,(anonymous_23)
FNDA:0,(anonymous_24)
FNDA:0,(anonymous_26)
FNDA:0,(anonymous_27)
DA:1,0
DA:2,0
DA:3,0
DA:15,0
DA:16,0
DA:18,0
DA:19,0
DA:20,0
DA:21,0
DA:22,0
DA:24,0
DA:26,0
DA:27,0
DA:31,0
DA:32,0
DA:33,0
DA:36,0
DA:91,0
DA:104,0
DA:123,0
LF:20
LH:0
BRDA:26,0,0,0
BRDA:63,1,0,0
BRDA:63,1,1,0
BRDA:74,2,0,0
BRDA:74,2,1,0
BRF:5
BRH:0
end_of_record
TN:
SF:src/pages/NotFound.tsx
FN:6,(anonymous_3)
FN:44,(anonymous_4)
FNF:2
FNH:0
FNDA:0,(anonymous_3)
FNDA:0,(anonymous_4)
DA:1,0
DA:2,0
DA:3,0
DA:4,0
DA:6,0
DA:7,0
DA:9,0
DA:44,0
DA:53,0
LF:9
LH:0
BRF:0
BRH:0
end_of_record
TN:
SF:src/pages/Pricing.tsx
FN:46,(anonymous_22)
FN:58,(anonymous_23)
FN:64,(anonymous_24)
FN:78,(anonymous_27)
FN:83,(anonymous_28)
FN:84,(anonymous_29)
FN:90,(anonymous_30)
FN:90,(anonymous_31)
FN:91,(anonymous_33)
FN:98,(anonymous_34)
FN:102,(anonymous_35)
FN:117,(anonymous_38)
FN:118,(anonymous_39)
FN:119,(anonymous_40)
FN:128,(anonymous_41)
FN:132,(anonymous_42)
FN:190,(anonymous_43)
FN:218,(anonymous_44)
FN:239,(anonymous_45)
FN:260,(anonymous_46)
FN:288,(anonymous_47)
FN:309,(anonymous_48)
FN:338,(anonymous_49)
FN:367,(anonymous_50)
FN:399,(anonymous_51)
FN:416,(anonymous_52)
FN:467,(anonymous_53)
FNF:27
FNH:0
FNDA:0,(anonymous_22)
FNDA:0,(anonymous_23)
FNDA:0,(anonymous_24)
FNDA:0,(anonymous_27)
FNDA:0,(anonymous_28)
FNDA:0,(anonymous_29)
FNDA:0,(anonymous_30)
FNDA:0,(anonymous_31)
FNDA:0,(anonymous_33)
FNDA:0,(anonymous_34)
FNDA:0,(anonymous_35)
FNDA:0,(anonymous_38)
FNDA:0,(anonymous_39)
FNDA:0,(anonymous_40)
FNDA:0,(anonymous_41)
FNDA:0,(anonymous_42)
FNDA:0,(anonymous_43)
FNDA:0,(anonymous_44)
FNDA:0,(anonymous_45)
FNDA:0,(anonymous_46)
FNDA:0,(anonymous_47)
FNDA:0,(anonymous_48)
FNDA:0,(anonymous_49)
FNDA:0,(anonymous_50)
FNDA:0,(anonymous_51)
FNDA:0,(anonymous_52)
FNDA:0,(anonymous_53)
DA:1,0
DA:2,0
DA:27,0
DA:34,0
DA:35,0
DA:36,0
DA:37,0
DA:46,0
DA:47,0
DA:48,0
DA:49,0
DA:50,0
DA:51,0
DA:52,0
DA:53,0
DA:54,0
DA:55,0
DA:58,0
DA:59,0
DA:60,0
DA:64,0
DA:65,0
DA:67,0
DA:68,0
DA:69,0
DA:71,0
DA:72,0
DA:74,0
DA:78,0
DA:83,0
DA:84,0
DA:85,0
DA:90,0
DA:91,0
DA:93,0
DA:94,0
DA:96,0
DA:98,0
DA:102,0
DA:103,0
DA:104,0
DA:106,0
DA:107,0
DA:108,0
DA:110,0
DA:111,0
DA:113,0
DA:117,0
DA:118,0
DA:119,0
DA:120,0
DA:125,0
DA:128,0
DA:129,0
DA:132,0
DA:133,0
DA:136,0
DA:137,0
DA:144,0
DA:145,0
DA:161,0
DA:190,0
DA:219,0
DA:240,0
DA:261,0
DA:289,0
DA:310,0
DA:339,0
DA:368,0
DA:400,0
DA:416,0
DA:467,0
DA:492,0
LF:73
LH:0
BRDA:85,0,0,0
BRDA:85,0,1,0
BRDA:85,1,0,0
BRDA:85,1,1,0
BRDA:94,2,0,0
BRDA:94,2,1,0
BRDA:94,3,0,0
BRDA:94,3,1,0
BRDA:120,4,0,0
BRDA:120,4,1,0
BRDA:136,5,0,0
BRDA:144,6,0,0
BRDA:187,7,0,0
BRDA:187,7,1,0
BRDA:195,8,0,0
BRDA:195,8,1,0
BRDA:195,9,0,0
BRDA:195,9,1,0
BRDA:196,10,0,0
BRDA:196,10,1,0
BRDA:196,11,0,0
BRDA:196,11,1,0
BRDA:217,12,0,0
BRDA:217,12,1,0
BRDA:217,13,0,0
BRDA:217,13,1,0
BRDA:238,14,0,0
BRDA:238,14,1,0
BRDA:238,15,0,0
BRDA:238,15,1,0
BRDA:259,16,0,0
BRDA:259,16,1,0
BRDA:259,17,0,0
BRDA:259,17,1,0
BRDA:287,18,0,0
BRDA:287,18,1,0
BRDA:287,19,0,0
BRDA:287,19,1,0
BRDA:308,20,0,0
BRDA:308,20,1,0
BRDA:308,21,0,0
[...]
FN:222,(anonymous_23)
FN:223,(anonymous_24)
FN:224,(anonymous_25)
FN:240,(anonymous_26)
FN:247,(anonymous_27)
FN:263,(anonymous_28)
FN:275,(anonymous_29)
FN:286,(anonymous_30)
FN:287,(anonymous_31)
FN:294,(anonymous_32)
FN:295,(anonymous_33)
FN:302,(anonymous_34)
FN:303,(anonymous_35)
FN:310,(anonymous_36)
FN:311,(anonymous_37)
FN:319,(anonymous_38)
FN:327,(anonymous_39)
FNF:32
FNH:0
FNDA:0,(anonymous_8)
FNDA:0,(anonymous_9)
FNDA:0,(anonymous_10)
FNDA:0,(anonymous_11)
FNDA:0,(anonymous_12)
FNDA:0,(anonymous_13)
FNDA:0,(anonymous_14)
FNDA:0,(anonymous_15)
FNDA:0,(anonymous_16)
FNDA:0,(anonymous_17)
FNDA:0,(anonymous_18)
FNDA:0,(anonymous_19)
FNDA:0,(anonymous_20)
FNDA:0,(anonymous_21)
FNDA:0,(anonymous_22)
FNDA:0,(anonymous_23)
FNDA:0,(anonymous_24)
FNDA:0,(anonymous_25)
FNDA:0,(anonymous_26)
FNDA:0,(anonymous_27)
FNDA:0,(anonymous_28)
FNDA:0,(anonymous_29)
FNDA:0,(anonymous_30)
FNDA:0,(anonymous_31)
FNDA:0,(anonymous_32)
FNDA:0,(anonymous_33)
FNDA:0,(anonymous_34)
FNDA:0,(anonymous_35)
FNDA:0,(anonymous_36)
FNDA:0,(anonymous_37)
FNDA:0,(anonymous_38)
FNDA:0,(anonymous_39)
DA:1,0
DA:2,0
DA:16,0
DA:32,0
DA:41,0
DA:46,0
DA:54,0
DA:62,0
DA:70,0
DA:71,0
DA:72,0
DA:73,0
DA:74,0
DA:76,0
DA:77,0
DA:79,0
DA:80,0
DA:81,0
DA:82,0
DA:85,0
DA:86,0
DA:87,0
DA:88,0
DA:91,0
DA:92,0
DA:96,0
DA:98,0
DA:99,0
DA:100,0
DA:102,0
DA:103,0
DA:104,0
DA:105,0
DA:107,0
DA:108,0
DA:109,0
DA:111,0
DA:112,0
DA:113,0
DA:115,0
DA:116,0
DA:119,0
DA:120,0
DA:123,0
DA:134,0
DA:139,0
DA:170,0
DA:174,0
DA:188,0
DA:192,0
DA:204,0
DA:205,0
DA:206,0
DA:207,0
DA:221,0
DA:222,0
DA:223,0
DA:224,0
DA:241,0
DA:242,0
DA:247,0
DA:263,0
DA:275,0
DA:286,0
DA:287,0
DA:294,0
DA:295,0
DA:302,0
DA:303,0
DA:310,0
DA:311,0
DA:319,0
DA:327,0
DA:337,0
LF:74
LH:0
BRDA:96,0,0,0
BRDA:96,0,1,0
BRDA:96,0,2,0
BRDA:96,0,3,0
BRDA:96,0,4,0
BRDA:133,1,0,0
BRDA:133,1,1,0
BRDA:141,2,0,0
BRDA:141,2,1,0
BRDA:163,3,0,0
BRDA:163,3,1,0
BRDA:169,4,0,0
BRDA:169,4,1,0
BRDA:170,5,0,0
BRDA:170,5,1,0
BRDA:187,6,0,0
BRDA:187,6,1,0
BRDA:188,7,0,0
BRDA:188,7,1,0
BRDA:205,8,0,0
BRDA:205,8,1,0
BRDA:206,9,0,0
BRDA:206,9,1,0
BRDA:206,10,0,0
BRDA:206,10,1,0
BRDA:206,11,0,0
BRDA:206,11,1,0
BRDA:222,12,0,0
BRDA:222,12,1,0
BRDA:223,13,0,0
BRDA:223,13,1,0
BRDA:223,14,0,0
BRDA:223,14,1,0
BRDA:223,15,0,0
BRDA:223,15,1,0
BRDA:239,16,0,0
BRDA:239,16,1,0
BRDA:262,17,0,0
BRDA:262,17,1,0
BRDA:263,18,0,0
BRDA:263,18,1,0
BRDA:274,19,0,0
BRDA:274,19,1,0
BRDA:275,20,0,0
BRDA:275,20,1,0
BRDA:284,21,0,0
BRDA:284,21,1,0
BRDA:286,22,0,0
BRDA:286,22,1,0
BRDA:286,23,0,0
BRDA:286,23,1,0
BRDA:292,24,0,0
BRDA:292,24,1,0
BRDA:294,25,0,0
BRDA:294,25,1,0
BRDA:294,26,0,0
BRDA:294,26,1,0
BRDA:300,27,0,0
BRDA:300,27,1,0
BRDA:302,28,0,0
BRDA:302,28,1,0
BRDA:302,29,0,0
BRDA:302,29,1,0
BRDA:308,30,0,0
BRDA:308,30,1,0
BRDA:310,31,0,0
BRDA:310,31,1,0
BRDA:310,32,0,0
BRDA:310,32,1,0
BRDA:316,33,0,0
BRDA:316,33,1,0
BRDA:324,34,0,0
BRDA:324,34,1,0
BRF:73
BRH:0
end_of_record
TN:
SF:src/pages/scheduled/components/ScheduledSummary.tsx
FN:26,(anonymous_3)
FN:93,(anonymous_4)
FNF:2
FNH:0
FNDA:0,(anonymous_3)
FNDA:0,(anonymous_4)
DA:1,0
DA:2,0
DA:10,0
DA:26,0
DA:27,0
DA:28,0
DA:29,0
DA:31,0
DA:76,0
DA:93,0
DA:139,0
LF:11
LH:0
BRDA:29,0,0,0
BRDA:29,0,1,0
BRDA:84,1,0,0
BRDA:84,1,1,0
BRF:4
BRH:0
end_of_record
TN:
SF:src/pages/scheduled/components/ScheduledTable.tsx
FN:55,(anonymous_8)
FN:71,(anonymous_9)
FN:83,(anonymous_10)
FN:95,(anonymous_11)
FN:99,(anonymous_12)
FN:104,(anonymous_13)
FN:109,(anonymous_14)
FN:114,(anonymous_15)
FN:119,(anonymous_16)
FN:124,(anonymous_17)
FN:132,(anonymous_18)
FN:140,(anonymous_19)
FN:181,(anonymous_20)
FN:271,(anonymous_21)
FN:289,(anonymous_22)
FN:290,(anonymous_23)
FN:326,(anonymous_24)
FN:338,(anonymous_25)
FN:341,(anonymous_26)
FN:350,(anonymous_27)
FN:358,(anonymous_28)
FN:371,(anonymous_29)
FN:377,(anonymous_30)
FNF:23
FNH:0
FNDA:0,(anonymous_8)
FNDA:0,(anonymous_9)
FNDA:0,(anonymous_10)
FNDA:0,(anonymous_11)
FNDA:0,(anonymous_12)
FNDA:0,(anonymous_13)
FNDA:0,(anonymous_14)
FNDA:0,(anonymous_15)
FNDA:0,(anonymous_16)
FNDA:0,(anonymous_17)
FNDA:0,(anonymous_18)
FNDA:0,(anonymous_19)
FNDA:0,(anonymous_20)
FNDA:0,(anonymous_21)
FNDA:0,(anonymous_22)
FNDA:0,(anonymous_23)
FNDA:0,(anonymous_24)
FNDA:0,(anonymous_25)
FNDA:0,(anonymous_26)
FNDA:0,(anonymous_27)
FNDA:0,(anonymous_28)
FNDA:0,(anonymous_29)
FNDA:0,(anonymous_30)
DA:1,0
DA:2,0
DA:26,0
DA:47,0
DA:55,0
DA:56,0
DA:57,0
DA:58,0
DA:59,0
DA:60,0
DA:61,0
DA:62,0
DA:64,0
DA:65,0
DA:66,0
DA:67,0
DA:68,0
DA:69,0
DA:71,0
DA:72,0
DA:73,0
DA:74,0
DA:75,0
DA:76,0
DA:77,0
DA:78,0
DA:79,0
DA:83,0
DA:84,0
DA:85,0
DA:86,0
DA:87,0
DA:88,0
DA:89,0
DA:90,0
DA:91,0
DA:95,0
DA:96,0
DA:99,0
DA:100,0
DA:101,0
DA:104,0
DA:105,0
DA:106,0
DA:109,0
DA:110,0
DA:111,0
DA:114,0
DA:115,0
DA:116,0
DA:119,0
DA:120,0
DA:121,0
DA:124,0
DA:125,0
DA:126,0
DA:127,0
DA:128,0
DA:132,0
DA:133,0
DA:134,0
DA:135,0
DA:136,0
DA:140,0
DA:141,0
DA:143,0
DA:145,0
DA:148,0
DA:181,0
DA:271,0
DA:289,0
DA:290,0
DA:326,0
DA:338,0
DA:341,0
DA:350,0
DA:358,0
DA:371,0
DA:377,0
DA:387,0
LF:80
LH:0
BRDA:72,0,0,0
BRDA:72,0,1,0
BRDA:72,0,2,0
BRDA:72,0,3,0
BRDA:72,0,4,0
BRDA:72,0,5,0
BRDA:72,0,6,0
BRDA:84,1,0,0
BRDA:84,1,1,0
BRDA:84,1,2,0
BRDA:84,1,3,0
BRDA:84,1,4,0
BRDA:84,1,5,0
BRDA:84,1,6,0
BRDA:125,2,0,0
BRDA:125,3,0,0
BRDA:125,3,1,0
BRDA:133,4,0,0
BRDA:133,5,0,0
BRDA:133,5,1,0
BRDA:141,6,0,0
BRDA:141,7,0,0
BRDA:141,7,1,0
BRDA:141,8,0,0
BRDA:141,8,1,0
BRDA:166,9,0,0
BRDA:166,9,1,0
BRDA:172,10,0,0
BRDA:172,10,1,0
BRDA:195,11,0,0
BRDA:195,11,1,0
BRDA:207,12,0,0
BRDA:207,12,1,0
BRDA:207,12,2,0
BRDA:209,13,0,0
BRDA:209,13,1,0
BRDA:233,14,0,0
BRDA:233,14,1,0
BRDA:247,15,0,0
BRDA:247,15,1,0
BRDA:258,16,0,0
BRDA:258,16,1,0
BRDA:287,17,0,0
BRDA:287,17,1,0
BRDA:288,18,0,0
BRDA:288,18,1,0
BRDA:299,19,0,0
BRDA:299,19,1,0
BRDA:299,20,0,0
BRDA:299,20,1,0
BRDA:299,21,0,0
BRDA:299,21,1,0
BRDA:307,22,0,0
BRDA:307,22,1,0
BRDA:307,22,2,0
BRDA:307,23,0,0
BRDA:307,23,1,0
BRDA:307,24,0,0
BRDA:307,24,1,0
BRDA:307,25,0,0
BRDA:307,25,1,0
BRDA:307,26,0,0
BRDA:307,26,1,0
BRDA:315,27,0,0
BRDA:315,27,1,0
BRDA:315,27,2,0
BRDA:315,28,0,0
BRDA:315,28,1,0
BRDA:315,29,0,0
BRDA:315,29,1,0
BRDA:315,30,0,0
BRDA:315,30,1,0
BRDA:315,31,0,0
BRDA:315,31,1,0
BRF:74
BRH:0
end_of_record
TN:
SF:src/pages/tips/TipsPage.tsx
FN:16,(anonymous_22)
FN:40,(anonymous_23)
FN:48,(anonymous_26)
FN:49,(anonymous_27)
FN:58,(anonymous_28)
FN:79,(anonymous_31)
FN:84,(anonymous_32)
FN:88,(anonymous_33)
FN:89,(anonymous_34)
FN:96,(anonymous_35)
FN:100,(anonymous_36)
FN:109,(anonymous_37)
FN:110,(anonymous_38)
FN:113,(anonymous_39)
FN:114,(anonymous_40)
FN:117,(anonymous_41)
FN:122,(anonymous_42)
FN:153,(anonymous_45)
FN:154,(anonymous_46)
FN:169,(anonymous_47)
FNF:20
FNH:0
FNDA:0,(anonymous_22)
FNDA:0,(anonymous_23)
FNDA:0,(anonymous_26)
FNDA:0,(anonymous_27)
FNDA:0,(anonymous_28)
FNDA:0,(anonymous_31)
FNDA:0,(anonymous_32)
FNDA:0,(anonymous_33)
FNDA:0,(anonymous_34)
FNDA:0,(anonymous_35)
FNDA:0,(anonymous_36)
FNDA:0,(anonymous_37)
FNDA:0,(anonymous_38)
FNDA:0,(anonymous_39)
FNDA:0,(anonymous_40)
FNDA:0,(anonymous_41)
FNDA:0,(anonymous_42)
FNDA:0,(anonymous_45)
FNDA:0,(anonymous_46)
FNDA:0,(anonymous_47)
DA:1,0
DA:2,0
DA:10,0
DA:11,0
DA:12,0
DA:13,0
DA:14,0
DA:16,0
DA:17,0
DA:20,0
DA:21,0
DA:22,0
DA:23,0
DA:24,0
DA:25,0
DA:26,0
DA:33,0
DA:40,0
DA:42,0
DA:43,0
DA:48,0
DA:49,0
DA:51,0
DA:52,0
DA:54,0
DA:58,0
DA:60,0
DA:61,0
DA:63,0
DA:68,0
DA:69,0
DA:71,0
DA:72,0
DA:74,0
DA:79,0
DA:80,0
DA:84,0
DA:85,0
DA:88,0
DA:89,0
DA:96,0
DA:97,0
DA:100,0
DA:101,0
DA:109,0
DA:110,0
DA:113,0
DA:114,0
DA:117,0
DA:119,0
DA:122,0
DA:124,0
DA:125,0
DA:128,0
DA:129,0
DA:130,0
DA:131,0
DA:132,0
DA:133,0
DA:134,0
DA:135,0
DA:137,0
DA:143,0
DA:149,0
DA:153,0
DA:154,0
DA:157,0
DA:169,0
DA:205,0
LF:69
LH:0
BRDA:71,0,0,0
BRDA:71,0,1,0
BRDA:71,1,0,0
BRDA:71,1,1,0
BRDA:71,2,0,0
BRDA:71,2,1,0
BRDA:71,3,0,0
BRDA:71,3,1,0
BRDA:71,4,0,0
BRDA:71,4,1,0
BRDA:145,5,0,0
BRDA:145,5,1,0
BRDA:145,6,0,0
BRDA:145,6,1,0
BRDA:145,7,0,0
BRDA:145,7,1,0
BRDA:145,8,0,0
BRDA:145,8,1,0
BRDA:145,9,0,0
BRDA:145,9,1,0
BRDA:168,10,0,0
BRDA:168,10,1,0
BRF:22
BRH:0
end_of_record
TN:
SF:src/pages/tips/components/TipsFilters.tsx
FN:28,(anonymous_8)
FN:61,(anonymous_9)
FN:67,(anonymous_10)
FN:77,(anonymous_11)
FN:85,(anonymous_12)
FN:99,(anonymous_13)
FN:112,(anonymous_14)
FN:116,(anonymous_15)
FN:137,(anonymous_16)
FN:139,(anonymous_17)
FN:153,(anonymous_18)
FN:154,(anonymous_19)
FN:155,(anonymous_20)
FN:156,(anonymous_21)
FN:163,(anonymous_22)
FN:164,(anonymous_23)
FN:183,(anonymous_24)
FN:185,(anonymous_25)
FN:203,(anonymous_26)
FN:216,(anonymous_27)
FNF:20
FNH:0
FNDA:0,(anonymous_8)
FNDA:0,(anonymous_9)
FNDA:0,(anonymous_10)
FNDA:0,(anonymous_11)
FNDA:0,(anonymous_12)
FNDA:0,(anonymous_13)
FNDA:0,(anonymous_14)
FNDA:0,(anonymous_15)
FNDA:0,(anonymous_16)
FNDA:0,(anonymous_17)
FNDA:0,(anonymous_18)
FNDA:0,(anonymous_19)
FNDA:0,(anonymous_20)
FNDA:0,(anonymous_21)
FNDA:0,(anonymous_22)
FNDA:0,(anonymous_23)
FNDA:0,(anonymous_24)
FNDA:0,(anonymous_25)
FNDA:0,(anonymous_26)
FNDA:0,(anonymous_27)
DA:1,0
DA:2,0
DA:15,0
DA:28,0
DA:29,0
DA:30,0
DA:31,0
DA:32,0
DA:33,0
DA:34,0
DA:35,0
DA:37,0
DA:38,0
DA:39,0
DA:40,0
DA:43,0
DA:47,0
DA:55,0
DA:61,0
DA:62,0
DA:63,0
DA:64,0
DA:67,0
DA:68,0
DA:69,0
DA:70,0
DA:77,0
DA:78,0
DA:79,0
DA:85,0
DA:86,0
DA:87,0
DA:88,0
DA:89,0
DA:90,0
DA:99,0
DA:100,0
DA:101,0
DA:103,0
DA:106,0
DA:112,0
DA:113,0
DA:116,0
DA:117,0
DA:118,0
DA:119,0
DA:120,0
DA:121,0
DA:122,0
DA:125,0
DA:126,0
DA:128,0
DA:137,0
DA:139,0
DA:153,0
DA:154,0
DA:155,0
DA:156,0
DA:164,0
DA:183,0
DA:185,0
DA:203,0
DA:216,0
DA:253,0
LF:64
LH:0
BRDA:35,0,0,0
BRDA:35,0,1,0
BRDA:37,1,0,0
BRDA:37,1,1,0
BRDA:38,2,0,0
BRDA:38,2,1,0
BRDA:39,3,0,0
BRDA:39,3,1,0
BRDA:41,4,0,0
BRDA:41,4,1,0
BRDA:44,5,0,0
BRDA:44,5,1,0
BRDA:62,6,0,0
BRDA:63,7,0,0
BRDA:81,8,0,0
BRDA:81,8,1,0
BRDA:87,9,0,0
BRDA:100,10,0,0
BRDA:100,10,1,0
BRDA:108,11,0,0
BRDA:108,11,1,0
BRDA:126,12,0,0
BRDA:126,12,1,0
BRDA:126,12,2,0
BRDA:148,13,0,0
BRDA:148,13,1,0
BRDA:154,14,0,0
BRDA:154,14,1,0
BRDA:155,15,0,0
BRDA:155,15,1,0
BRDA:155,16,0,0
BRDA:155,16,1,0
BRDA:155,17,0,0
BRDA:155,17,1,0
BRDA:159,18,0,0
BRDA:159,18,1,0
BRDA:160,19,0,0
BRDA:160,19,1,0
BRDA:194,20,0,0
BRDA:194,20,1,0
BRDA:202,21,0,0
BRDA:202,21,1,0
BRDA:203,22,0,0
BRDA:203,22,1,0
BRDA:215,23,0,0
BRDA:215,23,1,0
BRDA:216,24,0,0
BRDA:216,24,1,0
BRDA:230,25,0,0
BRDA:230,25,1,0
BRF:50
BRH:0
end_of_record
TN:
SF:src/pages/tips/components/TipsSummaryCards.tsx
FN:11,(anonymous_3)
FN:12,(anonymous_4)
FNF:2
FNH:0
FNDA:0,(anonymous_3)
FNDA:0,(anonymous_4)
DA:1,0
DA:2,0
DA:3,0
DA:11,0
DA:12,0
DA:13,0
DA:16,0
DA:20,0
DA:21,0
DA:28,0
DA:80,0
LF:11
LH:0
BRDA:16,0,0,0
BRDA:16,0,1,0
BRDA:16,1,0,0
BRDA:16,1,1,0
BRDA:20,2,0,0
BRDA:34,3,0,0
BRDA:34,3,1,0
BRDA:46,4,0,0
BRDA:46,4,1,0
BRDA:46,5,0,0
BRDA:46,5,1,0
BRDA:46,6,0,0
BRDA:46,6,1,0
BRDA:69,7,0,0
BRDA:69,7,1,0
BRDA:69,8,0,0
BRDA:69,8,1,0
BRDA:69,9,0,0
BRDA:69,9,1,0
BRDA:69,10,0,0
BRDA:69,10,1,0
BRDA:69,11,0,0
BRDA:69,11,1,0
BRF:23
BRH:0
end_of_record
TN:
SF:src/pages/tips/components/TipsTable.tsx
FN:30,(anonymous_3)
FN:38,(anonymous_4)
FN:42,(anonymous_5)
FN:57,(anonymous_6)
FN:116,(anonymous_7)
FN:173,(anonymous_8)
FN:191,(anonymous_9)
FN:192,(anonymous_10)
FNF:8
FNH:0
FNDA:0,(anonymous_3)
FNDA:0,(anonymous_4)
FNDA:0,(anonymous_5)
FNDA:0,(anonymous_6)
FNDA:0,(anonymous_7)
FNDA:0,(anonymous_8)
FNDA:0,(anonymous_9)
FNDA:0,(anonymous_10)
DA:1,0
DA:2,0
DA:17,0
DA:19,0
DA:30,0
DA:31,0
DA:32,0
DA:33,0
DA:34,0
DA:35,0
DA:36,0
DA:38,0
DA:39,0
DA:42,0
DA:43,0
DA:45,0
DA:47,0
DA:49,0
DA:51,0
DA:53,0
DA:57,0
DA:58,0
DA:60,0
DA:62,0
DA:64,0
DA:66,0
DA:68,0
DA:72,0
DA:73,0
DA:80,0
DA:81,0
DA:90,0
DA:116,0
DA:173,0
DA:191,0
DA:192,0
DA:198,0
LF:37
LH:0
BRDA:43,0,0,0
BRDA:43,0,1,0
BRDA:43,0,2,0
BRDA:43,0,3,0
BRDA:43,0,4,0
BRDA:58,1,0,0
BRDA:58,1,1,0
BRDA:58,1,2,0
BRDA:58,1,3,0
BRDA:58,1,4,0
BRDA:72,2,0,0
BRDA:80,3,0,0
BRDA:80,4,0,0
BRDA:80,4,1,0
BRF:14
BRH:0
end_of_record
TN:
SF:src/services/mockApi.ts
FN:92,(anonymous_16)
FN:128,(anonymous_17)
FN:171,(anonymous_19)
FN:263,(anonymous_20)
FN:273,(anonymous_21)
FN:299,(anonymous_23)
FN:374,(anonymous_24)
FN:382,(anonymous_25)
FN:384,(anonymous_26)
FN:391,(anonymous_27)
FN:397,(anonymous_28)
FN:413,(anonymous_29)
FN:419,(anonymous_30)
FN:425,(anonymous_31)
FN:433,(anonymous_32)
FN:444,(anonymous_33)
FN:444,(anonymous_34)
FN:445,(anonymous_36)
FN:450,(anonymous_37)
FN:451,(anonymous_40)
FN:455,(anonymous_41)
FN:455,(anonymous_42)
FN:456,(anonymous_44)
FN:457,(anonymous_45)
FN:462,(anonymous_46)
FN:462,(anonymous_47)
FN:463,(anonymous_49)
FN:464,(anonymous_50)
FN:476,(anonymous_51)
FN:476,(anonymous_52)
FN:477,(anonymous_54)
FN:481,(anonymous_55)
FN:481,(anonymous_56)
FN:482,(anonymous_58)
FN:483,(anonymous_59)
FN:488,(anonymous_60)
FN:491,(anonymous_61)
FN:492,(anonymous_63)
FN:493,(anonymous_64)
FN:505,(anonymous_65)
FN:505,(anonymous_66)
FN:506,(anonymous_68)
FN:507,(anonymous_69)
FN:512,(anonymous_70)
FN:512,(anonymous_71)
FN:513,(anonymous_73)
FN:514,(anonymous_74)
FN:519,(anonymous_75)
FN:519,(anonymous_76)
FN:520,(anonymous_78)
FN:521,(anonymous_79)
FN:532,(anonymous_80)
FN:536,(anonymous_81)
FN:537,(anonymous_83)
FN:538,(anonymous_84)
FN:542,(anonymous_85)
FN:566,(anonymous_86)
FN:566,(anonymous_87)
FN:567,(anonymous_89)
FN:568,(anonymous_90)
FN:572,(anonymous_91)
FN:572,(anonymous_92)
FN:573,(anonymous_94)
FN:577,(anonymous_95)
FN:577,(anonymous_96)
FN:578,(anonymous_98)
FN:579,(anonymous_99)
FN:584,(anonymous_100)
FN:584,(anonymous_101)
FN:585,(anonymous_103)
FN:586,(anonymous_104)
FN:589,(anonymous_105)
FN:589,(anonymous_106)
FN:590,(anonymous_108)
FN:591,(anonymous_109)
FN:597,(anonymous_110)
FN:601,(anonymous_111)
FN:602,(anonymous_113)
FN:603,(anonymous_114)
FN:616,(anonymous_115)
FN:620,(anonymous_116)
FN:624,(anonymous_118)
FN:627,(anonymous_119)
FN:633,(anonymous_120)
FN:657,(anonymous_121)
FN:667,(anonymous_122)
FN:669,(anonymous_123)
FN:673,(anonymous_125)
FNF:88
FNH:0
FNDA:0,(anonymous_16)
FNDA:0,(anonymous_17)
FNDA:0,(anonymous_19)
FNDA:0,(anonymous_20)
FNDA:0,(anonymous_21)
FNDA:0,(anonymous_23)
FNDA:0,(anonymous_24)
FNDA:0,(anonymous_25)
FNDA:0,(anonymous_26)
FNDA:0,(anonymous_27)
FNDA:0,(anonymous_28)
FNDA:0,(anonymous_29)
FNDA:0,(anonymous_30)
FNDA:0,(anonymous_31)
FNDA:0,(anonymous_32)
FNDA:0,(anonymous_33)
FNDA:0,(anonymous_34)
FNDA:0,(anonymous_36)
FNDA:0,(anonymous_37)
FNDA:0,(anonymous_40)
FNDA:0,(anonymous_41)
FNDA:0,(anonymous_42)
FNDA:0,(anonymous_44)
FNDA:0,(anonymous_45)
FNDA:0,(anonymous_46)
FNDA:0,(anonymous_47)
FNDA:0,(anonymous_49)
FNDA:0,(anonymous_50)
FNDA:0,(anonymous_51)
FNDA:0,(anonymous_52)
FNDA:0,(anonymous_54)
FNDA:0,(anonymous_55)
FNDA:0,(anonymous_56)
FNDA:0,(anonymous_58)
FNDA:0,(anonymous_59)
FNDA:0,(anonymous_60)
FNDA:0,(anonymous_61)
FNDA:0,(anonymous_63)
FNDA:0,(anonymous_64)
FNDA:0,(anonymous_65)
FNDA:0,(anonymous_66)
FNDA:0,(anonymous_68)
FNDA:0,(anonymous_69)
FNDA:0,(anonymous_70)
FNDA:0,(anonymous_71)
FNDA:0,(anonymous_73)
FNDA:0,(anonymous_74)
FNDA:0,(anonymous_75)
FNDA:0,(anonymous_76)
FNDA:0,(anonymous_78)
FNDA:0,(anonymous_79)
FNDA:0,(anonymous_80)
FNDA:0,(anonymous_81)
FNDA:0,(anonymous_83)
FNDA:0,(anonymous_84)
FNDA:0,(anonymous_85)
FNDA:0,(anonymous_86)
FNDA:0,(anonymous_87)
FNDA:0,(anonymous_89)
FNDA:0,(anonymous_90)
FNDA:0,(anonymous_91)
FNDA:0,(anonymous_92)
FNDA:0,(anonymous_94)
FNDA:0,(anonymous_95)
FNDA:0,(anonymous_96)
FNDA:0,(anonymous_98)
FNDA:0,(anonymous_99)
FNDA:0,(anonymous_100)
FNDA:0,(anonymous_101)
FNDA:0,(anonymous_103)
FNDA:0,(anonymous_104)
FNDA:0,(anonymous_105)
FNDA:0,(anonymous_106)
FNDA:0,(anonymous_108)
FNDA:0,(anonymous_109)
FNDA:0,(anonymous_110)
FNDA:0,(anonymous_111)
FNDA:0,(anonymous_113)
FNDA:0,(anonymous_114)
FNDA:0,(anonymous_115)
FNDA:0,(anonymous_116)
FNDA:0,(anonymous_118)
FNDA:0,(anonymous_119)
FNDA:0,(anonymous_120)
FNDA:0,(anonymous_121)
FNDA:0,(anonymous_122)
FNDA:0,(anonymous_123)
FNDA:0,(anonymous_125)
DA:15,0
DA:46,0
DA:92,0
DA:93,0
DA:95,0
DA:96,0
DA:98,0
DA:99,0
DA:103,0
DA:109,0
DA:124,0
DA:128,0
DA:129,0
DA:130,0
DA:131,0
DA:140,0
DA:149,0
DA:150,0
DA:158,0
DA:159,0
DA:161,0
DA:163,0
DA:165,0
DA:167,0
DA:168,0
DA:171,0
DA:173,0
DA:175,0
DA:181,0
DA:187,0
DA:200,0
DA:218,0
DA:228,0
DA:255,0
DA:259,0
DA:260,0
DA:263,0
DA:264,0
DA:265,0
DA:271,0
DA:273,0
DA:284,0
DA:285,0
DA:288,0
DA:290,0
DA:292,0
DA:293,0
DA:295,0
DA:296,0
DA:299,0
DA:301,0
DA:306,0
DA:309,0
DA:314,0
DA:321,0
DA:329,0
DA:339,0
DA:342,0
DA:348,0
DA:350,0
DA:373,0
DA:375,0
DA:379,0
DA:382,0
DA:383,0
DA:384,0
DA:390,0
DA:391,0
DA:397,0
DA:399,0
DA:409,0
DA:413,0
DA:419,0
DA:425,0
DA:430,0
DA:433,0
DA:442,0
DA:444,0
DA:445,0
DA:446,0
DA:450,0
DA:451,0
DA:452,0
DA:455,0
DA:456,0
DA:457,0
DA:458,0
DA:459,0
DA:462,0
DA:463,0
DA:464,0
DA:465,0
DA:467,0
DA:472,0
DA:476,0
DA:477,0
DA:478,0
DA:481,0
DA:482,0
DA:483,0
DA:484,0
DA:485,0
DA:490,0
DA:492,0
DA:493,0
DA:494,0
DA:496,0
DA:502,0
DA:505,0
DA:506,0
DA:507,0
DA:508,0
DA:509,0
DA:512,0
DA:513,0
DA:514,0
DA:515,0
DA:516,0
DA:519,0
DA:520,0
DA:521,0
DA:522,0
DA:524,0
DA:529,0
DA:535,0
DA:537,0
DA:538,0
DA:539,0
DA:541,0
DA:542,0
DA:544,0
DA:546,0
DA:547,0
DA:558,0
DA:563,0
DA:566,0
DA:567,0
DA:568,0
DA:572,0
DA:573,0
DA:574,0
DA:577,0
DA:578,0
DA:579,0
DA:580,0
DA:581,0
DA:584,0
DA:585,0
DA:586,0
DA:589,0
DA:590,0
DA:591,0
DA:592,0
DA:593,0
DA:600,0
DA:602,0
DA:603,0
DA:604,0
DA:606,0
DA:612,0
DA:620,0
DA:624,0
DA:627,0
DA:628,0
DA:629,0
DA:633,0
DA:634,0
DA:635,0
DA:647,0
DA:651,0
DA:653,0
DA:657,0
DA:661,0
DA:662,0
DA:669,0
DA:673,0
DA:675,0
DA:680,0
DA:681,0
LF:179
LH:0
BRDA:103,0,0,0
BRDA:103,0,1,0
BRDA:119,1,0,0
BRDA:119,1,1,0
BRDA:175,2,0,0
BRDA:175,2,1,0
BRDA:181,3,0,0
BRDA:181,3,1,0
BRDA:181,4,0,0
BRDA:181,4,1,0
BRDA:187,5,0,0
BRDA:187,5,1,0
BRDA:187,6,0,0
BRDA:187,6,1,0
BRDA:190,7,0,0
BRDA:190,7,1,0
BRDA:208,8,0,0
BRDA:208,8,1,0
BRDA:210,9,0,0
BRDA:210,9,1,0
BRDA:212,10,0,0
BRDA:212,10,1,0
BRDA:299,11,0,0
BRDA:299,11,1,0
BRDA:309,12,0,0
BRDA:309,12,1,0
BRDA:314,13,0,0
BRDA:314,13,1,0
BRDA:316,14,0,0
BRDA:316,14,1,0
BRDA:321,15,0,0
BRDA:321,15,1,0
BRDA:323,16,0,0
BRDA:323,16,1,0
BRDA:329,17,0,0
BRDA:329,17,1,0
BRDA:339,18,0,0
BRDA:339,18,1,0
BRDA:342,19,0,0
BRDA:342,19,1,0
BRDA:342,20,0,0
BRDA:342,20,1,0
BRDA:342,20,2,0
BRDA:348,21,0,0
BRDA:348,21,1,0
BRDA:445,22,0,0
BRDA:451,23,0,0
BRDA:456,24,0,0
BRDA:458,25,0,0
BRDA:463,26,0,0
BRDA:465,27,0,0
BRDA:477,28,0,0
BRDA:482,29,0,0
BRDA:484,30,0,0
BRDA:492,31,0,0
BRDA:494,32,0,0
BRDA:506,33,0,0
BRDA:508,34,0,0
BRDA:513,35,0,0
BRDA:515,36,0,0
BRDA:520,37,0,0
BRDA:522,38,0,0
BRDA:537,39,0,0
BRDA:539,40,0,0
BRDA:544,41,0,0
BRDA:550,42,0,0
BRDA:550,42,1,0
BRDA:553,43,0,0
BRDA:553,43,1,0
BRDA:567,44,0,0
BRDA:573,45,0,0
BRDA:578,46,0,0
BRDA:580,47,0,0
BRDA:585,48,0,0
BRDA:590,49,0,0
BRDA:592,50,0,0
BRDA:602,51,0,0
BRDA:604,52,0,0
BRDA:609,53,0,0
BRDA:609,53,1,0
BRDA:628,54,0,0
BRDA:634,55,0,0
BRDA:640,56,0,0
BRDA:640,56,1,0
BRDA:643,57,0,0
BRDA:643,57,1,0
BRF:86
BRH:0
end_of_record
TN:
SF:src/types/index.ts
FN:717,(anonymous_0)
FN:739,(anonymous_1)
FNF:2
FNH:0
FNDA:0,(anonymous_0)
FNDA:0,(anonymous_1)
DA:717,0
DA:718,0
DA:719,0
DA:720,0
DA:739,0
DA:740,0
DA:741,0
LF:7
LH:0
BRDA:717,0,0,0
BRDA:717,0,1,0
BRDA:739,1,0,0
BRDA:739,1,1,0
BRF:4
BRH:0
end_of_record
TN:
SF:src/utils/formatters.ts
FN:4,(anonymous_0)
FN:16,(anonymous_1)
FN:33,(anonymous_2)
FN:51,(anonymous_3)
FN:63,(anonymous_4)
FNF:5
FNH:5
FNDA:4,(anonymous_0)
FNDA:2,(anonymous_1)
FNDA:5,(anonymous_2)
FNDA:5,(anonymous_3)
FNDA:3,(anonymous_4)
DA:4,1
DA:5,4
DA:16,1
DA:17,2
DA:18,2
DA:19,1
DA:21,1
DA:33,1
DA:34,5
DA:35,2
DA:38,3
DA:39,3
DA:41,3
DA:42,2
DA:45,1
DA:51,1
DA:52,5
DA:53,4
DA:54,4
DA:57,1
DA:63,1
DA:65,3
DA:69,3
DA:70,3
DA:72,3
DA:73,1
DA:76,2
DA:77,2
DA:78,1
DA:81,1
DA:82,1
DA:83,1
DA:86,0
DA:87,0
DA:88,0
DA:91,0
DA:92,0
DA:93,0
DA:96,0
DA:97,0
LF:40
LH:32
BRDA:18,0,0,1
BRDA:34,1,0,2
BRDA:41,2,0,2
BRDA:52,3,0,4
BRDA:65,4,0,0
BRDA:65,4,1,3
BRDA:65,5,0,3
BRDA:65,5,1,3
BRDA:72,6,0,1
BRDA:77,7,0,1
BRDA:78,8,0,0
BRDA:78,8,1,1
BRDA:82,9,0,1
BRDA:83,10,0,1
BRDA:83,10,1,0
BRDA:87,11,0,0
BRDA:88,12,0,0
BRDA:88,12,1,0
BRDA:92,13,0,0
BRDA:93,14,0,0
BRDA:93,14,1,0
BRDA:97,15,0,0
BRDA:97,15,1,0
BRF:23
BRH:12
end_of_record
